This file contains any messages produced by compilers while
running configure, to aid debugging if configure makes a mistake.

It was created by love configure 0.10.1, which was
generated by GNU Autoconf 2.69.  Invocation command line was

  $ ./configure --host=mipsel-linux --disable-mpg123 --prefix=/home/anonymous/Documents/Dev/picolove/love-0.10.1/prefix --disable-shared --enable-static

## --------- ##
## Platform. ##
## --------- ##

hostname = anonymous
uname -m = x86_64
uname -r = 4.5.3-gnu
uname -s = Linux
uname -v = #1 SMP Thu May 5 13:33:22 UTC 2016

/usr/bin/uname -p = unknown
/bin/uname -X     = unknown

/bin/arch              = unknown
/usr/bin/arch -k       = unknown
/usr/convex/getsysinfo = unknown
/usr/bin/hostinfo      = unknown
/bin/machine           = unknown
/usr/bin/oslevel       = unknown
/bin/universe          = unknown

PATH: /home/anonymous/Documents/Dev/gcw0-toolchain/usr/bin
PATH: /usr/local/sbin
PATH: /usr/local/bin
PATH: /usr/sbin
PATH: /usr/bin
PATH: /sbin
PATH: /bin
PATH: /usr/games
PATH: /usr/local/games
PATH: /home/anonymous/Documents/Dev/cpctelera-1.3/cpctelera/tools/scripts


## ----------- ##
## Core tests. ##
## ----------- ##

configure:3010: checking for a BSD-compatible install
configure:3078: result: /usr/bin/install -c
configure:3089: checking whether build environment is sane
configure:3144: result: yes
configure:3203: checking for mipsel-linux-strip
configure:3219: found /home/anonymous/Documents/Dev/gcw0-toolchain/usr/bin/mipsel-linux-strip
configure:3230: result: mipsel-linux-strip
configure:3295: checking for a thread-safe mkdir -p
configure:3334: result: /bin/mkdir -p
configure:3341: checking for gawk
configure:3357: found /home/anonymous/Documents/Dev/gcw0-toolchain/usr/bin/gawk
configure:3368: result: gawk
configure:3379: checking whether make sets $(MAKE)
configure:3401: result: yes
configure:3430: checking whether make supports nested variables
configure:3447: result: yes
configure:3536: checking whether UID '1000' is supported by ustar format
configure:3539: result: yes
configure:3546: checking whether GID '1000' is supported by ustar format
configure:3549: result: yes
configure:3557: checking how to create a ustar tar archive
configure:3568: tar --version
tar (GNU tar) 1.27.1
Copyright (C) 2013 Free Software Foundation, Inc.
License GPLv3+: GNU GPL version 3 or later <http://gnu.org/licenses/gpl.html>.
This is free software: you are free to change and redistribute it.
There is NO WARRANTY, to the extent permitted by law.

Written by John Gilmore and Jay Fenlason.
configure:3571: $? = 0
configure:3611: tardir=conftest.dir && eval tar --format=ustar -chf - "$tardir" >conftest.tar
configure:3614: $? = 0
configure:3618: tar -xf - <conftest.tar
configure:3621: $? = 0
configure:3623: cat conftest.dir/file
GrepMe
configure:3626: $? = 0
configure:3639: result: gnutar
configure:3700: checking whether make supports nested variables
configure:3717: result: yes
configure:3741: checking for style of include used by make
configure:3769: result: GNU
configure:3800: checking for mipsel-linux-gcc
configure:3816: found /home/anonymous/Documents/Dev/gcw0-toolchain/usr/bin/mipsel-linux-gcc
configure:3827: result: mipsel-linux-gcc
configure:4096: checking for C compiler version
configure:4105: mipsel-linux-gcc --version >&5
mipsel-linux-gcc (Buildroot 2014.05-gbb847d4) 4.9.1
Copyright (C) 2014 Free Software Foundation, Inc.
This is free software; see the source for copying conditions.  There is NO
warranty; not even for MERCHANTABILITY or FITNESS FOR A PARTICULAR PURPOSE.

configure:4116: $? = 0
configure:4105: mipsel-linux-gcc -v >&5
Using built-in specs.
COLLECT_GCC=mipsel-linux-gcc
COLLECT_LTO_WRAPPER=/home/anonymous/Documents/Dev/gcw0-toolchain/usr/bin/../libexec/gcc/mipsel-gcw0-linux-uclibc/4.9.1/lto-wrapper
Target: mipsel-gcw0-linux-uclibc
Configured with: ./configure --prefix=/opt/gcw0-toolchain/usr --sysconfdir=/opt/gcw0-toolchain/etc --enable-shared --enable-static --target=mipsel-gcw0-linux-uclibc --with-sysroot=/opt/gcw0-toolchain/usr/mipsel-gcw0-linux-uclibc/sysroot --disable-__cxa_atexit --with-gnu-ld --disable-libssp --disable-multilib --with-gmp=/opt/gcw0-toolchain/usr --with-mpfr=/opt/gcw0-toolchain/usr --enable-target-optspace --disable-libsanitizer --enable-tls --disable-libmudflap --enable-threads --with-mpc=/opt/gcw0-toolchain/usr --disable-decimal-float --with-arch=mips32r2 --with-tune=mips32r2 --with-abi=32 --with-pkgversion='Buildroot 2014.05-gbb847d4' --with-bugurl=http://bugs.buildroot.net/ --enable-languages=c,c++ --with-build-time-tools=/opt/gcw0-toolchain/usr/mipsel-gcw0-linux-uclibc/bin --disable-libgomp --enable-lto
Thread model: posix
gcc version 4.9.1 (Buildroot 2014.05-gbb847d4) 
configure:4116: $? = 0
configure:4105: mipsel-linux-gcc -V >&5
mipsel-linux-gcc: error: unrecognized command line option '-V'
mipsel-linux-gcc: fatal error: no input files
compilation terminated.
configure:4116: $? = 1
configure:4105: mipsel-linux-gcc -qversion >&5
mipsel-linux-gcc: error: unrecognized command line option '-qversion'
mipsel-linux-gcc: fatal error: no input files
compilation terminated.
configure:4116: $? = 1
configure:4136: checking whether the C compiler works
configure:4158: mipsel-linux-gcc    conftest.c  >&5
configure:4162: $? = 0
configure:4210: result: yes
configure:4213: checking for C compiler default output file name
configure:4215: result: a.out
configure:4221: checking for suffix of executables
configure:4228: mipsel-linux-gcc -o conftest    conftest.c  >&5
configure:4232: $? = 0
configure:4254: result: 
configure:4276: checking whether we are cross compiling
configure:4284: mipsel-linux-gcc -o conftest    conftest.c  >&5
configure:4288: $? = 0
configure:4295: ./conftest
/lib/ld-uClibc.so.0: No such file or directory
configure:4299: $? = 255
configure:4314: result: yes
configure:4319: checking for suffix of object files
configure:4341: mipsel-linux-gcc -c   conftest.c >&5
configure:4345: $? = 0
configure:4366: result: o
configure:4370: checking whether we are using the GNU C compiler
configure:4389: mipsel-linux-gcc -c   conftest.c >&5
configure:4389: $? = 0
configure:4398: result: yes
configure:4407: checking whether mipsel-linux-gcc accepts -g
configure:4427: mipsel-linux-gcc -c -g  conftest.c >&5
configure:4427: $? = 0
configure:4468: result: yes
configure:4485: checking for mipsel-linux-gcc option to accept ISO C89
configure:4548: mipsel-linux-gcc  -c -g -O2  conftest.c >&5
configure:4548: $? = 0
configure:4561: result: none needed
configure:4586: checking whether mipsel-linux-gcc understands -c and -o together
configure:4608: mipsel-linux-gcc -c conftest.c -o conftest2.o
configure:4611: $? = 0
configure:4608: mipsel-linux-gcc -c conftest.c -o conftest2.o
configure:4611: $? = 0
configure:4623: result: yes
configure:4642: checking dependency style of mipsel-linux-gcc
configure:4753: result: gcc3
configure:4774: checking for mipsel-linux-ar
configure:4790: found /home/anonymous/Documents/Dev/gcw0-toolchain/usr/bin/mipsel-linux-ar
configure:4801: result: mipsel-linux-ar
configure:4871: checking the archiver (mipsel-linux-ar) interface
configure:4887: mipsel-linux-gcc -c -g -O2  conftest.c >&5
configure:4887: $? = 0
configure:4889: mipsel-linux-ar cru libconftest.a conftest.o >&5
configure:4892: $? = 0
configure:4920: result: ar
configure:4969: checking build system type
configure:4983: result: x86_64-unknown-linux-gnu
configure:5003: checking host system type
configure:5016: result: mipsel-unknown-linux-gnu
configure:5057: checking how to print strings
configure:5084: result: printf
configure:5105: checking for a sed that does not truncate output
configure:5169: result: /bin/sed
configure:5187: checking for grep that handles long lines and -e
configure:5245: result: /bin/grep
configure:5250: checking for egrep
configure:5312: result: /bin/grep -E
configure:5317: checking for fgrep
configure:5379: result: /bin/grep -F
configure:5414: checking for ld used by mipsel-linux-gcc
configure:5481: result: /home/anonymous/Documents/Dev/gcw0-toolchain/usr/mipsel-gcw0-linux-uclibc/bin/ld
configure:5488: checking if the linker (/home/anonymous/Documents/Dev/gcw0-toolchain/usr/mipsel-gcw0-linux-uclibc/bin/ld) is GNU ld
configure:5503: result: yes
configure:5515: checking for BSD- or MS-compatible name lister (nm)
configure:5569: result: /home/anonymous/Documents/Dev/gcw0-toolchain/usr/bin/mipsel-linux-nm -B
configure:5699: checking the name lister (/home/anonymous/Documents/Dev/gcw0-toolchain/usr/bin/mipsel-linux-nm -B) interface
configure:5706: mipsel-linux-gcc -c -g -O2  conftest.c >&5
configure:5709: /home/anonymous/Documents/Dev/gcw0-toolchain/usr/bin/mipsel-linux-nm -B "conftest.o"
configure:5712: output
00000000 B some_variable
configure:5719: result: BSD nm
configure:5722: checking whether ln -s works
configure:5726: result: yes
configure:5734: checking the maximum length of command line arguments
configure:5865: result: 1572864
configure:5913: checking how to convert x86_64-unknown-linux-gnu file names to mipsel-unknown-linux-gnu format
configure:5953: result: func_convert_file_noop
configure:5960: checking how to convert x86_64-unknown-linux-gnu file names to toolchain format
configure:5980: result: func_convert_file_noop
configure:5987: checking for /home/anonymous/Documents/Dev/gcw0-toolchain/usr/mipsel-gcw0-linux-uclibc/bin/ld option to reload object files
configure:5994: result: -r
configure:6028: checking for mipsel-linux-objdump
configure:6044: found /home/anonymous/Documents/Dev/gcw0-toolchain/usr/bin/mipsel-linux-objdump
configure:6055: result: mipsel-linux-objdump
configure:6127: checking how to recognize dependent libraries
configure:6327: result: pass_all
configure:6372: checking for mipsel-linux-dlltool
configure:6402: result: no
configure:6412: checking for dlltool
configure:6442: result: no
configure:6472: checking how to associate runtime and link libraries
configure:6499: result: printf %s\n
configure:6515: checking for mipsel-linux-ar
configure:6542: result: mipsel-linux-ar
configure:6623: checking for archiver @FILE support
configure:6640: mipsel-linux-gcc -c -g -O2  conftest.c >&5
configure:6640: $? = 0
configure:6643: mipsel-linux-ar cru libconftest.a @conftest.lst >&5
configure:6646: $? = 0
configure:6651: mipsel-linux-ar cru libconftest.a @conftest.lst >&5
mipsel-linux-ar: conftest.o: No such file or directory
configure:6654: $? = 1
configure:6666: result: @
configure:6684: checking for mipsel-linux-strip
configure:6711: result: mipsel-linux-strip
configure:6783: checking for mipsel-linux-ranlib
configure:6799: found /home/anonymous/Documents/Dev/gcw0-toolchain/usr/bin/mipsel-linux-ranlib
configure:6810: result: mipsel-linux-ranlib
configure:6952: checking command to parse /home/anonymous/Documents/Dev/gcw0-toolchain/usr/bin/mipsel-linux-nm -B output from mipsel-linux-gcc object
configure:7105: mipsel-linux-gcc -c -g -O2  conftest.c >&5
configure:7108: $? = 0
configure:7112: /home/anonymous/Documents/Dev/gcw0-toolchain/usr/bin/mipsel-linux-nm -B conftest.o \| sed -n -e 's/^.*[ ]\([ABCDGIRSTW][ABCDGIRSTW]*\)[ ][ ]*\([_A-Za-z][_A-Za-z0-9]*\)$/\1 \2 \2/p' | sed '/ __gnu_lto/d' \> conftest.nm
configure:7115: $? = 0
configure:7181: mipsel-linux-gcc -o conftest -g -O2   conftest.c conftstm.o >&5
configure:7184: $? = 0
configure:7222: result: ok
configure:7269: checking for sysroot
configure:7299: result: no
configure:7306: checking for a working dd
configure:7344: result: /bin/dd
configure:7348: checking how to truncate binary pipes
configure:7363: result: /bin/dd bs=4096 count=1
configure:7652: checking for mipsel-linux-mt
configure:7682: result: no
configure:7692: checking for mt
configure:7708: found /bin/mt
configure:7719: result: mt
configure:7731: WARNING: using cross tools not prefixed with host triplet
configure:7742: checking if mt is a manifest tool
configure:7748: mt '-?'
configure:7756: result: no
configure:8433: checking how to run the C preprocessor
configure:8464: mipsel-linux-gcc -E  conftest.c
configure:8464: $? = 0
configure:8478: mipsel-linux-gcc -E  conftest.c
conftest.c:11:28: fatal error: ac_nonexistent.h: No such file or directory
 #include <ac_nonexistent.h>
                            ^
compilation terminated.
configure:8478: $? = 1
configure: failed program was:
| /* confdefs.h */
| #define PACKAGE_NAME "love"
| #define PACKAGE_TARNAME "love"
| #define PACKAGE_VERSION "0.10.1"
| #define PACKAGE_STRING "love 0.10.1"
| #define PACKAGE_BUGREPORT ""
| #define PACKAGE_URL ""
| #define PACKAGE "love"
| #define VERSION "0.10.1"
| /* end confdefs.h.  */
| #include <ac_nonexistent.h>
configure:8503: result: mipsel-linux-gcc -E
configure:8523: mipsel-linux-gcc -E  conftest.c
configure:8523: $? = 0
configure:8537: mipsel-linux-gcc -E  conftest.c
conftest.c:11:28: fatal error: ac_nonexistent.h: No such file or directory
 #include <ac_nonexistent.h>
                            ^
compilation terminated.
configure:8537: $? = 1
configure: failed program was:
| /* confdefs.h */
| #define PACKAGE_NAME "love"
| #define PACKAGE_TARNAME "love"
| #define PACKAGE_VERSION "0.10.1"
| #define PACKAGE_STRING "love 0.10.1"
| #define PACKAGE_BUGREPORT ""
| #define PACKAGE_URL ""
| #define PACKAGE "love"
| #define VERSION "0.10.1"
| /* end confdefs.h.  */
| #include <ac_nonexistent.h>
configure:8566: checking for ANSI C header files
configure:8586: mipsel-linux-gcc -c -g -O2  conftest.c >&5
configure:8586: $? = 0
configure:8670: result: yes
configure:8683: checking for sys/types.h
configure:8683: mipsel-linux-gcc -c -g -O2  conftest.c >&5
configure:8683: $? = 0
configure:8683: result: yes
configure:8683: checking for sys/stat.h
configure:8683: mipsel-linux-gcc -c -g -O2  conftest.c >&5
configure:8683: $? = 0
configure:8683: result: yes
configure:8683: checking for stdlib.h
configure:8683: mipsel-linux-gcc -c -g -O2  conftest.c >&5
configure:8683: $? = 0
configure:8683: result: yes
configure:8683: checking for string.h
configure:8683: mipsel-linux-gcc -c -g -O2  conftest.c >&5
configure:8683: $? = 0
configure:8683: result: yes
configure:8683: checking for memory.h
configure:8683: mipsel-linux-gcc -c -g -O2  conftest.c >&5
configure:8683: $? = 0
configure:8683: result: yes
configure:8683: checking for strings.h
configure:8683: mipsel-linux-gcc -c -g -O2  conftest.c >&5
configure:8683: $? = 0
configure:8683: result: yes
configure:8683: checking for inttypes.h
configure:8683: mipsel-linux-gcc -c -g -O2  conftest.c >&5
configure:8683: $? = 0
configure:8683: result: yes
configure:8683: checking for stdint.h
configure:8683: mipsel-linux-gcc -c -g -O2  conftest.c >&5
configure:8683: $? = 0
configure:8683: result: yes
configure:8683: checking for unistd.h
configure:8683: mipsel-linux-gcc -c -g -O2  conftest.c >&5
configure:8683: $? = 0
configure:8683: result: yes
configure:8697: checking for dlfcn.h
configure:8697: mipsel-linux-gcc -c -g -O2  conftest.c >&5
configure:8697: $? = 0
configure:8697: result: yes
configure:8952: checking for objdir
configure:8967: result: .libs
configure:9231: checking if mipsel-linux-gcc supports -fno-rtti -fno-exceptions
configure:9249: mipsel-linux-gcc -c -g -O2  -fno-rtti -fno-exceptions conftest.c >&5
cc1: warning: command line option '-fno-rtti' is valid for C++/ObjC++ but not for C
configure:9253: $? = 0
configure:9266: result: no
configure:9624: checking for mipsel-linux-gcc option to produce PIC
configure:9631: result: -fPIC -DPIC
configure:9639: checking if mipsel-linux-gcc PIC flag -fPIC -DPIC works
configure:9657: mipsel-linux-gcc -c -g -O2  -fPIC -DPIC -DPIC conftest.c >&5
configure:9661: $? = 0
configure:9674: result: yes
configure:9703: checking if mipsel-linux-gcc static flag -static works
configure:9731: result: yes
configure:9746: checking if mipsel-linux-gcc supports -c -o file.o
configure:9767: mipsel-linux-gcc -c -g -O2  -o out/conftest2.o conftest.c >&5
configure:9771: $? = 0
configure:9793: result: yes
configure:9801: checking if mipsel-linux-gcc supports -c -o file.o
configure:9848: result: yes
configure:9881: checking whether the mipsel-linux-gcc linker (/home/anonymous/Documents/Dev/gcw0-toolchain/usr/mipsel-gcw0-linux-uclibc/bin/ld) supports shared libraries
configure:11140: result: yes
configure:11380: checking dynamic linker characteristics
configure:11961: mipsel-linux-gcc -o conftest -g -O2   -Wl,-rpath -Wl,/foo conftest.c  >&5
configure:11961: $? = 0
configure:12198: result: GNU/Linux ld.so
configure:12320: checking how to hardcode library paths into programs
configure:12345: result: immediate
configure:12893: checking whether stripping libraries is possible
configure:12898: result: yes
configure:12933: checking if libtool supports shared libraries
configure:12935: result: yes
configure:12938: checking whether to build shared libraries
configure:12963: result: no
configure:12966: checking whether to build static libraries
configure:12970: result: yes
configure:13015: checking for mipsel-linux-gcc
configure:13042: result: mipsel-linux-gcc
configure:13311: checking for C compiler version
configure:13320: mipsel-linux-gcc --version >&5
mipsel-linux-gcc (Buildroot 2014.05-gbb847d4) 4.9.1
Copyright (C) 2014 Free Software Foundation, Inc.
This is free software; see the source for copying conditions.  There is NO
warranty; not even for MERCHANTABILITY or FITNESS FOR A PARTICULAR PURPOSE.

configure:13331: $? = 0
configure:13320: mipsel-linux-gcc -v >&5
Using built-in specs.
COLLECT_GCC=mipsel-linux-gcc
COLLECT_LTO_WRAPPER=/home/anonymous/Documents/Dev/gcw0-toolchain/usr/bin/../libexec/gcc/mipsel-gcw0-linux-uclibc/4.9.1/lto-wrapper
Target: mipsel-gcw0-linux-uclibc
Configured with: ./configure --prefix=/opt/gcw0-toolchain/usr --sysconfdir=/opt/gcw0-toolchain/etc --enable-shared --enable-static --target=mipsel-gcw0-linux-uclibc --with-sysroot=/opt/gcw0-toolchain/usr/mipsel-gcw0-linux-uclibc/sysroot --disable-__cxa_atexit --with-gnu-ld --disable-libssp --disable-multilib --with-gmp=/opt/gcw0-toolchain/usr --with-mpfr=/opt/gcw0-toolchain/usr --enable-target-optspace --disable-libsanitizer --enable-tls --disable-libmudflap --enable-threads --with-mpc=/opt/gcw0-toolchain/usr --disable-decimal-float --with-arch=mips32r2 --with-tune=mips32r2 --with-abi=32 --with-pkgversion='Buildroot 2014.05-gbb847d4' --with-bugurl=http://bugs.buildroot.net/ --enable-languages=c,c++ --with-build-time-tools=/opt/gcw0-toolchain/usr/mipsel-gcw0-linux-uclibc/bin --disable-libgomp --enable-lto
Thread model: posix
gcc version 4.9.1 (Buildroot 2014.05-gbb847d4) 
configure:13331: $? = 0
configure:13320: mipsel-linux-gcc -V >&5
mipsel-linux-gcc: error: unrecognized command line option '-V'
mipsel-linux-gcc: fatal error: no input files
compilation terminated.
configure:13331: $? = 1
configure:13320: mipsel-linux-gcc -qversion >&5
mipsel-linux-gcc: error: unrecognized command line option '-qversion'
mipsel-linux-gcc: fatal error: no input files
compilation terminated.
configure:13331: $? = 1
configure:13335: checking whether we are using the GNU C compiler
configure:13363: result: yes
configure:13372: checking whether mipsel-linux-gcc accepts -g
configure:13433: result: yes
configure:13450: checking for mipsel-linux-gcc option to accept ISO C89
configure:13526: result: none needed
configure:13551: checking whether mipsel-linux-gcc understands -c and -o together
configure:13588: result: yes
configure:13607: checking dependency style of mipsel-linux-gcc
configure:13718: result: gcc3
configure:13747: checking for mipsel-linux-g++
configure:13763: found /home/anonymous/Documents/Dev/gcw0-toolchain/usr/bin/mipsel-linux-g++
configure:13774: result: mipsel-linux-g++
configure:13845: checking for C++ compiler version
configure:13854: mipsel-linux-g++ --version >&5
mipsel-linux-g++ (Buildroot 2014.05-gbb847d4) 4.9.1
Copyright (C) 2014 Free Software Foundation, Inc.
This is free software; see the source for copying conditions.  There is NO
warranty; not even for MERCHANTABILITY or FITNESS FOR A PARTICULAR PURPOSE.

configure:13865: $? = 0
configure:13854: mipsel-linux-g++ -v >&5
Using built-in specs.
COLLECT_GCC=mipsel-linux-g++
COLLECT_LTO_WRAPPER=/home/anonymous/Documents/Dev/gcw0-toolchain/usr/bin/../libexec/gcc/mipsel-gcw0-linux-uclibc/4.9.1/lto-wrapper
Target: mipsel-gcw0-linux-uclibc
Configured with: ./configure --prefix=/opt/gcw0-toolchain/usr --sysconfdir=/opt/gcw0-toolchain/etc --enable-shared --enable-static --target=mipsel-gcw0-linux-uclibc --with-sysroot=/opt/gcw0-toolchain/usr/mipsel-gcw0-linux-uclibc/sysroot --disable-__cxa_atexit --with-gnu-ld --disable-libssp --disable-multilib --with-gmp=/opt/gcw0-toolchain/usr --with-mpfr=/opt/gcw0-toolchain/usr --enable-target-optspace --disable-libsanitizer --enable-tls --disable-libmudflap --enable-threads --with-mpc=/opt/gcw0-toolchain/usr --disable-decimal-float --with-arch=mips32r2 --with-tune=mips32r2 --with-abi=32 --with-pkgversion='Buildroot 2014.05-gbb847d4' --with-bugurl=http://bugs.buildroot.net/ --enable-languages=c,c++ --with-build-time-tools=/opt/gcw0-toolchain/usr/mipsel-gcw0-linux-uclibc/bin --disable-libgomp --enable-lto
Thread model: posix
gcc version 4.9.1 (Buildroot 2014.05-gbb847d4) 
configure:13865: $? = 0
configure:13854: mipsel-linux-g++ -V >&5
mipsel-linux-g++: error: unrecognized command line option '-V'
mipsel-linux-g++: fatal error: no input files
compilation terminated.
configure:13865: $? = 1
configure:13854: mipsel-linux-g++ -qversion >&5
mipsel-linux-g++: error: unrecognized command line option '-qversion'
mipsel-linux-g++: fatal error: no input files
compilation terminated.
configure:13865: $? = 1
configure:13869: checking whether we are using the GNU C++ compiler
configure:13888: mipsel-linux-g++ -c   conftest.cpp >&5
configure:13888: $? = 0
configure:13897: result: yes
configure:13906: checking whether mipsel-linux-g++ accepts -g
configure:13926: mipsel-linux-g++ -c -g  conftest.cpp >&5
configure:13926: $? = 0
configure:13967: result: yes
configure:13992: checking dependency style of mipsel-linux-g++
configure:14103: result: gcc3
configure:14136: checking how to run the C++ preprocessor
configure:14163: mipsel-linux-g++ -E  conftest.cpp
configure:14163: $? = 0
configure:14177: mipsel-linux-g++ -E  conftest.cpp
conftest.cpp:23:28: fatal error: ac_nonexistent.h: No such file or directory
 #include <ac_nonexistent.h>
                            ^
compilation terminated.
configure:14177: $? = 1
configure: failed program was:
| /* confdefs.h */
| #define PACKAGE_NAME "love"
| #define PACKAGE_TARNAME "love"
| #define PACKAGE_VERSION "0.10.1"
| #define PACKAGE_STRING "love 0.10.1"
| #define PACKAGE_BUGREPORT ""
| #define PACKAGE_URL ""
| #define PACKAGE "love"
| #define VERSION "0.10.1"
| #define STDC_HEADERS 1
| #define HAVE_SYS_TYPES_H 1
| #define HAVE_SYS_STAT_H 1
| #define HAVE_STDLIB_H 1
| #define HAVE_STRING_H 1
| #define HAVE_MEMORY_H 1
| #define HAVE_STRINGS_H 1
| #define HAVE_INTTYPES_H 1
| #define HAVE_STDINT_H 1
| #define HAVE_UNISTD_H 1
| #define HAVE_DLFCN_H 1
| #define LT_OBJDIR ".libs/"
| /* end confdefs.h.  */
| #include <ac_nonexistent.h>
configure:14202: result: mipsel-linux-g++ -E
configure:14222: mipsel-linux-g++ -E  conftest.cpp
configure:14222: $? = 0
configure:14236: mipsel-linux-g++ -E  conftest.cpp
conftest.cpp:23:28: fatal error: ac_nonexistent.h: No such file or directory
 #include <ac_nonexistent.h>
                            ^
compilation terminated.
configure:14236: $? = 1
configure: failed program was:
| /* confdefs.h */
| #define PACKAGE_NAME "love"
| #define PACKAGE_TARNAME "love"
| #define PACKAGE_VERSION "0.10.1"
| #define PACKAGE_STRING "love 0.10.1"
| #define PACKAGE_BUGREPORT ""
| #define PACKAGE_URL ""
| #define PACKAGE "love"
| #define VERSION "0.10.1"
| #define STDC_HEADERS 1
| #define HAVE_SYS_TYPES_H 1
| #define HAVE_SYS_STAT_H 1
| #define HAVE_STDLIB_H 1
| #define HAVE_STRING_H 1
| #define HAVE_MEMORY_H 1
| #define HAVE_STRINGS_H 1
| #define HAVE_INTTYPES_H 1
| #define HAVE_STDINT_H 1
| #define HAVE_UNISTD_H 1
| #define HAVE_DLFCN_H 1
| #define LT_OBJDIR ".libs/"
| /* end confdefs.h.  */
| #include <ac_nonexistent.h>
configure:14398: checking for ld used by mipsel-linux-g++
configure:14465: result: /home/anonymous/Documents/Dev/gcw0-toolchain/usr/mipsel-gcw0-linux-uclibc/bin/ld
configure:14472: checking if the linker (/home/anonymous/Documents/Dev/gcw0-toolchain/usr/mipsel-gcw0-linux-uclibc/bin/ld) is GNU ld
configure:14487: result: yes
configure:14542: checking whether the mipsel-linux-g++ linker (/home/anonymous/Documents/Dev/gcw0-toolchain/usr/mipsel-gcw0-linux-uclibc/bin/ld) supports shared libraries
configure:15615: result: yes
configure:15651: mipsel-linux-g++ -c -g -O2  conftest.cpp >&5
configure:15654: $? = 0
configure:16135: checking for mipsel-linux-g++ option to produce PIC
configure:16142: result: -fPIC -DPIC
configure:16150: checking if mipsel-linux-g++ PIC flag -fPIC -DPIC works
configure:16168: mipsel-linux-g++ -c -g -O2  -fPIC -DPIC -DPIC conftest.cpp >&5
configure:16172: $? = 0
configure:16185: result: yes
configure:16208: checking if mipsel-linux-g++ static flag -static works
configure:16236: result: yes
configure:16248: checking if mipsel-linux-g++ supports -c -o file.o
configure:16269: mipsel-linux-g++ -c -g -O2  -o out/conftest2.o conftest.cpp >&5
configure:16273: $? = 0
configure:16295: result: yes
configure:16300: checking if mipsel-linux-g++ supports -c -o file.o
configure:16347: result: yes
configure:16377: checking whether the mipsel-linux-g++ linker (/home/anonymous/Documents/Dev/gcw0-toolchain/usr/mipsel-gcw0-linux-uclibc/bin/ld) supports shared libraries
configure:16417: result: yes
configure:16558: checking dynamic linker characteristics
configure:17303: result: GNU/Linux ld.so
configure:17368: checking how to hardcode library paths into programs
configure:17393: result: immediate
configure:17433: checking for a sed that does not truncate output
configure:17497: result: /bin/sed
configure:17513: checking for mipsel-linux-g++
configure:17529: found /home/anonymous/Documents/Dev/gcw0-toolchain/usr/bin/mipsel-linux-g++
configure:17540: result: mipsel-linux-g++
configure:17609: checking for Objective C++ compiler version
configure:17618: mipsel-linux-g++ --version >&5
mipsel-linux-g++ (Buildroot 2014.05-gbb847d4) 4.9.1
Copyright (C) 2014 Free Software Foundation, Inc.
This is free software; see the source for copying conditions.  There is NO
warranty; not even for MERCHANTABILITY or FITNESS FOR A PARTICULAR PURPOSE.

configure:17629: $? = 0
configure:17618: mipsel-linux-g++ -v >&5
Using built-in specs.
COLLECT_GCC=mipsel-linux-g++
COLLECT_LTO_WRAPPER=/home/anonymous/Documents/Dev/gcw0-toolchain/usr/bin/../libexec/gcc/mipsel-gcw0-linux-uclibc/4.9.1/lto-wrapper
Target: mipsel-gcw0-linux-uclibc
Configured with: ./configure --prefix=/opt/gcw0-toolchain/usr --sysconfdir=/opt/gcw0-toolchain/etc --enable-shared --enable-static --target=mipsel-gcw0-linux-uclibc --with-sysroot=/opt/gcw0-toolchain/usr/mipsel-gcw0-linux-uclibc/sysroot --disable-__cxa_atexit --with-gnu-ld --disable-libssp --disable-multilib --with-gmp=/opt/gcw0-toolchain/usr --with-mpfr=/opt/gcw0-toolchain/usr --enable-target-optspace --disable-libsanitizer --enable-tls --disable-libmudflap --enable-threads --with-mpc=/opt/gcw0-toolchain/usr --disable-decimal-float --with-arch=mips32r2 --with-tune=mips32r2 --with-abi=32 --with-pkgversion='Buildroot 2014.05-gbb847d4' --with-bugurl=http://bugs.buildroot.net/ --enable-languages=c,c++ --with-build-time-tools=/opt/gcw0-toolchain/usr/mipsel-gcw0-linux-uclibc/bin --disable-libgomp --enable-lto
Thread model: posix
gcc version 4.9.1 (Buildroot 2014.05-gbb847d4) 
configure:17629: $? = 0
configure:17618: mipsel-linux-g++ -V >&5
mipsel-linux-g++: error: unrecognized command line option '-V'
mipsel-linux-g++: fatal error: no input files
compilation terminated.
configure:17629: $? = 1
configure:17618: mipsel-linux-g++ -qversion >&5
mipsel-linux-g++: error: unrecognized command line option '-qversion'
mipsel-linux-g++: fatal error: no input files
compilation terminated.
configure:17629: $? = 1
configure:17633: checking whether we are using the GNU Objective C++ compiler
configure:17652: mipsel-linux-g++ -c   conftest.mm >&5
mipsel-linux-g++: error: conftest.mm: Objective-C++ compiler not installed on this system
configure:17652: $? = 1
configure: failed program was:
| /* confdefs.h */
| #define PACKAGE_NAME "love"
| #define PACKAGE_TARNAME "love"
| #define PACKAGE_VERSION "0.10.1"
| #define PACKAGE_STRING "love 0.10.1"
| #define PACKAGE_BUGREPORT ""
| #define PACKAGE_URL ""
| #define PACKAGE "love"
| #define VERSION "0.10.1"
| #define STDC_HEADERS 1
| #define HAVE_SYS_TYPES_H 1
| #define HAVE_SYS_STAT_H 1
| #define HAVE_STDLIB_H 1
| #define HAVE_STRING_H 1
| #define HAVE_MEMORY_H 1
| #define HAVE_STRINGS_H 1
| #define HAVE_INTTYPES_H 1
| #define HAVE_STDINT_H 1
| #define HAVE_UNISTD_H 1
| #define HAVE_DLFCN_H 1
| #define LT_OBJDIR ".libs/"
| /* end confdefs.h.  */
| 
| int
| main ()
| {
| #ifndef __GNUC__
|        choke me
| #endif
| 
|   ;
|   return 0;
| }
configure:17661: result: no
configure:17670: checking whether mipsel-linux-g++ accepts -g
configure:17690: mipsel-linux-g++ -c -g  conftest.mm >&5
mipsel-linux-g++: error: conftest.mm: Objective-C++ compiler not installed on this system
configure:17690: $? = 1
configure: failed program was:
| /* confdefs.h */
| #define PACKAGE_NAME "love"
| #define PACKAGE_TARNAME "love"
| #define PACKAGE_VERSION "0.10.1"
| #define PACKAGE_STRING "love 0.10.1"
| #define PACKAGE_BUGREPORT ""
| #define PACKAGE_URL ""
| #define PACKAGE "love"
| #define VERSION "0.10.1"
| #define STDC_HEADERS 1
| #define HAVE_SYS_TYPES_H 1
| #define HAVE_SYS_STAT_H 1
| #define HAVE_STDLIB_H 1
| #define HAVE_STRING_H 1
| #define HAVE_MEMORY_H 1
| #define HAVE_STRINGS_H 1
| #define HAVE_INTTYPES_H 1
| #define HAVE_STDINT_H 1
| #define HAVE_UNISTD_H 1
| #define HAVE_DLFCN_H 1
| #define LT_OBJDIR ".libs/"
| /* end confdefs.h.  */
| 
| int
| main ()
| {
| 
|   ;
|   return 0;
| }
configure:17705: mipsel-linux-g++ -c   conftest.mm >&5
mipsel-linux-g++: error: conftest.mm: Objective-C++ compiler not installed on this system
configure:17705: $? = 1
configure: failed program was:
| /* confdefs.h */
| #define PACKAGE_NAME "love"
| #define PACKAGE_TARNAME "love"
| #define PACKAGE_VERSION "0.10.1"
| #define PACKAGE_STRING "love 0.10.1"
| #define PACKAGE_BUGREPORT ""
| #define PACKAGE_URL ""
| #define PACKAGE "love"
| #define VERSION "0.10.1"
| #define STDC_HEADERS 1
| #define HAVE_SYS_TYPES_H 1
| #define HAVE_SYS_STAT_H 1
| #define HAVE_STDLIB_H 1
| #define HAVE_STRING_H 1
| #define HAVE_MEMORY_H 1
| #define HAVE_STRINGS_H 1
| #define HAVE_INTTYPES_H 1
| #define HAVE_STDINT_H 1
| #define HAVE_UNISTD_H 1
| #define HAVE_DLFCN_H 1
| #define LT_OBJDIR ".libs/"
| /* end confdefs.h.  */
| 
| int
| main ()
| {
| 
|   ;
|   return 0;
| }
configure:17721: mipsel-linux-g++ -c -g  conftest.mm >&5
mipsel-linux-g++: error: conftest.mm: Objective-C++ compiler not installed on this system
configure:17721: $? = 1
configure: failed program was:
| /* confdefs.h */
| #define PACKAGE_NAME "love"
| #define PACKAGE_TARNAME "love"
| #define PACKAGE_VERSION "0.10.1"
| #define PACKAGE_STRING "love 0.10.1"
| #define PACKAGE_BUGREPORT ""
| #define PACKAGE_URL ""
| #define PACKAGE "love"
| #define VERSION "0.10.1"
| #define STDC_HEADERS 1
| #define HAVE_SYS_TYPES_H 1
| #define HAVE_SYS_STAT_H 1
| #define HAVE_STDLIB_H 1
| #define HAVE_STRING_H 1
| #define HAVE_MEMORY_H 1
| #define HAVE_STRINGS_H 1
| #define HAVE_INTTYPES_H 1
| #define HAVE_STDINT_H 1
| #define HAVE_UNISTD_H 1
| #define HAVE_DLFCN_H 1
| #define LT_OBJDIR ".libs/"
| /* end confdefs.h.  */
| 
| int
| main ()
| {
| 
|   ;
|   return 0;
| }
configure:17731: result: no
configure:17756: checking dependency style of mipsel-linux-g++
configure:17865: result: gcc3
configure:17891: checking for mipsel-linux-pkg-config
configure:17924: result: no
configure:17934: checking for pkg-config
configure:17952: found /home/anonymous/Documents/Dev/gcw0-toolchain/usr/bin/pkg-config
configure:17964: result: /home/anonymous/Documents/Dev/gcw0-toolchain/usr/bin/pkg-config
configure:17989: checking pkg-config is at least version 0.9.0
configure:17992: result: yes
configure:18000: checking whether byte ordering is bigendian
configure:18015: mipsel-linux-gcc -c -g -O2  conftest.c >&5
conftest.c:24:9: error: unknown type name 'not'
         not a universal capable compiler
         ^
conftest.c:24:15: error: expected '=', ',', ';', 'asm' or '__attribute__' before 'universal'
         not a universal capable compiler
               ^
conftest.c:24:15: error: unknown type name 'universal'
configure:18015: $? = 1
configure: failed program was:
| /* confdefs.h */
| #define PACKAGE_NAME "love"
| #define PACKAGE_TARNAME "love"
| #define PACKAGE_VERSION "0.10.1"
| #define PACKAGE_STRING "love 0.10.1"
| #define PACKAGE_BUGREPORT ""
| #define PACKAGE_URL ""
| #define PACKAGE "love"
| #define VERSION "0.10.1"
| #define STDC_HEADERS 1
| #define HAVE_SYS_TYPES_H 1
| #define HAVE_SYS_STAT_H 1
| #define HAVE_STDLIB_H 1
| #define HAVE_STRING_H 1
| #define HAVE_MEMORY_H 1
| #define HAVE_STRINGS_H 1
| #define HAVE_INTTYPES_H 1
| #define HAVE_STDINT_H 1
| #define HAVE_UNISTD_H 1
| #define HAVE_DLFCN_H 1
| #define LT_OBJDIR ".libs/"
| /* end confdefs.h.  */
| #ifndef __APPLE_CC__
| 	       not a universal capable compiler
| 	     #endif
| 	     typedef int dummy;
| 
configure:18060: mipsel-linux-gcc -c -g -O2  conftest.c >&5
configure:18060: $? = 0
configure:18078: mipsel-linux-gcc -c -g -O2  conftest.c >&5
conftest.c: In function 'main':
conftest.c:30:4: error: unknown type name 'not'
    not big endian
    ^
conftest.c:30:12: error: expected '=', ',', ';', 'asm' or '__attribute__' before 'endian'
    not big endian
            ^
configure:18078: $? = 1
configure: failed program was:
| /* confdefs.h */
| #define PACKAGE_NAME "love"
| #define PACKAGE_TARNAME "love"
| #define PACKAGE_VERSION "0.10.1"
| #define PACKAGE_STRING "love 0.10.1"
| #define PACKAGE_BUGREPORT ""
| #define PACKAGE_URL ""
| #define PACKAGE "love"
| #define VERSION "0.10.1"
| #define STDC_HEADERS 1
| #define HAVE_SYS_TYPES_H 1
| #define HAVE_SYS_STAT_H 1
| #define HAVE_STDLIB_H 1
| #define HAVE_STRING_H 1
| #define HAVE_MEMORY_H 1
| #define HAVE_STRINGS_H 1
| #define HAVE_INTTYPES_H 1
| #define HAVE_STDINT_H 1
| #define HAVE_UNISTD_H 1
| #define HAVE_DLFCN_H 1
| #define LT_OBJDIR ".libs/"
| /* end confdefs.h.  */
| #include <sys/types.h>
| 		#include <sys/param.h>
| 
| int
| main ()
| {
| #if BYTE_ORDER != BIG_ENDIAN
| 		 not big endian
| 		#endif
| 
|   ;
|   return 0;
| }
configure:18206: result: no
configure:18258: checking whether mipsel-linux-g++ supports flag -std=c++0x
configure:18271: mipsel-linux-g++ -c -std=c++0x  conftest.cpp >&5
configure:18271: $? = 0
configure:18272: result: yes
configure:18283: checking whether mipsel-linux-g++ supports flag -std=c++11
configure:18296: mipsel-linux-g++ -c -std=c++11  conftest.cpp >&5
configure:18296: $? = 0
configure:18297: result: yes
configure:18315: mipsel-linux-g++ -c -g -O2 -std=c++11  conftest.cpp >&5
configure:18315: $? = 0
configure:18315: mipsel-linux-g++ -c -g -O2 -std=c++11  conftest.cpp >&5
conftest.cpp: In function 'int main()':
conftest.cpp:27:50: error: size of array 'test_array' is negative
 static int test_array [1 - 2 * !((__GNUC__) <= 0)];
                                                  ^
configure:18315: $? = 1
configure: failed program was:
| /* confdefs.h */
| #define PACKAGE_NAME "love"
| #define PACKAGE_TARNAME "love"
| #define PACKAGE_VERSION "0.10.1"
| #define PACKAGE_STRING "love 0.10.1"
| #define PACKAGE_BUGREPORT ""
| #define PACKAGE_URL ""
| #define PACKAGE "love"
| #define VERSION "0.10.1"
| #define STDC_HEADERS 1
| #define HAVE_SYS_TYPES_H 1
| #define HAVE_SYS_STAT_H 1
| #define HAVE_STDLIB_H 1
| #define HAVE_STRING_H 1
| #define HAVE_MEMORY_H 1
| #define HAVE_STRINGS_H 1
| #define HAVE_INTTYPES_H 1
| #define HAVE_STDINT_H 1
| #define HAVE_UNISTD_H 1
| #define HAVE_DLFCN_H 1
| #define LT_OBJDIR ".libs/"
| /* end confdefs.h.  */
| 
| int
| main ()
| {
| static int test_array [1 - 2 * !((__GNUC__) <= 0)];
| test_array [0] = 0;
| return test_array [0];
| 
|   ;
|   return 0;
| }
configure:18315: mipsel-linux-g++ -c -g -O2 -std=c++11  conftest.cpp >&5
conftest.cpp: In function 'int main()':
conftest.cpp:27:50: error: size of array 'test_array' is negative
 static int test_array [1 - 2 * !((__GNUC__) <= 1)];
                                                  ^
configure:18315: $? = 1
configure: failed program was:
| /* confdefs.h */
| #define PACKAGE_NAME "love"
| #define PACKAGE_TARNAME "love"
| #define PACKAGE_VERSION "0.10.1"
| #define PACKAGE_STRING "love 0.10.1"
| #define PACKAGE_BUGREPORT ""
| #define PACKAGE_URL ""
| #define PACKAGE "love"
| #define VERSION "0.10.1"
| #define STDC_HEADERS 1
| #define HAVE_SYS_TYPES_H 1
| #define HAVE_SYS_STAT_H 1
| #define HAVE_STDLIB_H 1
| #define HAVE_STRING_H 1
| #define HAVE_MEMORY_H 1
| #define HAVE_STRINGS_H 1
| #define HAVE_INTTYPES_H 1
| #define HAVE_STDINT_H 1
| #define HAVE_UNISTD_H 1
| #define HAVE_DLFCN_H 1
| #define LT_OBJDIR ".libs/"
| /* end confdefs.h.  */
| 
| int
| main ()
| {
| static int test_array [1 - 2 * !((__GNUC__) <= 1)];
| test_array [0] = 0;
| return test_array [0];
| 
|   ;
|   return 0;
| }
configure:18315: mipsel-linux-g++ -c -g -O2 -std=c++11  conftest.cpp >&5
conftest.cpp: In function 'int main()':
conftest.cpp:27:50: error: size of array 'test_array' is negative
 static int test_array [1 - 2 * !((__GNUC__) <= 3)];
                                                  ^
configure:18315: $? = 1
configure: failed program was:
| /* confdefs.h */
| #define PACKAGE_NAME "love"
| #define PACKAGE_TARNAME "love"
| #define PACKAGE_VERSION "0.10.1"
| #define PACKAGE_STRING "love 0.10.1"
| #define PACKAGE_BUGREPORT ""
| #define PACKAGE_URL ""
| #define PACKAGE "love"
| #define VERSION "0.10.1"
| #define STDC_HEADERS 1
| #define HAVE_SYS_TYPES_H 1
| #define HAVE_SYS_STAT_H 1
| #define HAVE_STDLIB_H 1
| #define HAVE_STRING_H 1
| #define HAVE_MEMORY_H 1
| #define HAVE_STRINGS_H 1
| #define HAVE_INTTYPES_H 1
| #define HAVE_STDINT_H 1
| #define HAVE_UNISTD_H 1
| #define HAVE_DLFCN_H 1
| #define LT_OBJDIR ".libs/"
| /* end confdefs.h.  */
| 
| int
| main ()
| {
| static int test_array [1 - 2 * !((__GNUC__) <= 3)];
| test_array [0] = 0;
| return test_array [0];
| 
|   ;
|   return 0;
| }
configure:18315: mipsel-linux-g++ -c -g -O2 -std=c++11  conftest.cpp >&5
configure:18315: $? = 0
configure:18315: mipsel-linux-g++ -c -g -O2 -std=c++11  conftest.cpp >&5
configure:18315: $? = 0
configure:18315: mipsel-linux-g++ -c -g -O2 -std=c++11  conftest.cpp >&5
configure:18315: $? = 0
configure:18321: mipsel-linux-g++ -c -g -O2 -std=c++11  conftest.cpp >&5
configure:18321: $? = 0
configure:18321: mipsel-linux-g++ -c -g -O2 -std=c++11  conftest.cpp >&5
conftest.cpp: In function 'int main()':
conftest.cpp:27:56: error: size of array 'test_array' is negative
 static int test_array [1 - 2 * !((__GNUC_MINOR__) <= 0)];
                                                        ^
configure:18321: $? = 1
configure: failed program was:
| /* confdefs.h */
| #define PACKAGE_NAME "love"
| #define PACKAGE_TARNAME "love"
| #define PACKAGE_VERSION "0.10.1"
| #define PACKAGE_STRING "love 0.10.1"
| #define PACKAGE_BUGREPORT ""
| #define PACKAGE_URL ""
| #define PACKAGE "love"
| #define VERSION "0.10.1"
| #define STDC_HEADERS 1
| #define HAVE_SYS_TYPES_H 1
| #define HAVE_SYS_STAT_H 1
| #define HAVE_STDLIB_H 1
| #define HAVE_STRING_H 1
| #define HAVE_MEMORY_H 1
| #define HAVE_STRINGS_H 1
| #define HAVE_INTTYPES_H 1
| #define HAVE_STDINT_H 1
| #define HAVE_UNISTD_H 1
| #define HAVE_DLFCN_H 1
| #define LT_OBJDIR ".libs/"
| /* end confdefs.h.  */
| 
| int
| main ()
| {
| static int test_array [1 - 2 * !((__GNUC_MINOR__) <= 0)];
| test_array [0] = 0;
| return test_array [0];
| 
|   ;
|   return 0;
| }
configure:18321: mipsel-linux-g++ -c -g -O2 -std=c++11  conftest.cpp >&5
conftest.cpp: In function 'int main()':
conftest.cpp:27:56: error: size of array 'test_array' is negative
 static int test_array [1 - 2 * !((__GNUC_MINOR__) <= 1)];
                                                        ^
configure:18321: $? = 1
configure: failed program was:
| /* confdefs.h */
| #define PACKAGE_NAME "love"
| #define PACKAGE_TARNAME "love"
| #define PACKAGE_VERSION "0.10.1"
| #define PACKAGE_STRING "love 0.10.1"
| #define PACKAGE_BUGREPORT ""
| #define PACKAGE_URL ""
| #define PACKAGE "love"
| #define VERSION "0.10.1"
| #define STDC_HEADERS 1
| #define HAVE_SYS_TYPES_H 1
| #define HAVE_SYS_STAT_H 1
| #define HAVE_STDLIB_H 1
| #define HAVE_STRING_H 1
| #define HAVE_MEMORY_H 1
| #define HAVE_STRINGS_H 1
| #define HAVE_INTTYPES_H 1
| #define HAVE_STDINT_H 1
| #define HAVE_UNISTD_H 1
| #define HAVE_DLFCN_H 1
| #define LT_OBJDIR ".libs/"
| /* end confdefs.h.  */
| 
| int
| main ()
| {
| static int test_array [1 - 2 * !((__GNUC_MINOR__) <= 1)];
| test_array [0] = 0;
| return test_array [0];
| 
|   ;
|   return 0;
| }
configure:18321: mipsel-linux-g++ -c -g -O2 -std=c++11  conftest.cpp >&5
conftest.cpp: In function 'int main()':
conftest.cpp:27:56: error: size of array 'test_array' is negative
 static int test_array [1 - 2 * !((__GNUC_MINOR__) <= 3)];
                                                        ^
configure:18321: $? = 1
configure: failed program was:
| /* confdefs.h */
| #define PACKAGE_NAME "love"
| #define PACKAGE_TARNAME "love"
| #define PACKAGE_VERSION "0.10.1"
| #define PACKAGE_STRING "love 0.10.1"
| #define PACKAGE_BUGREPORT ""
| #define PACKAGE_URL ""
| #define PACKAGE "love"
| #define VERSION "0.10.1"
| #define STDC_HEADERS 1
| #define HAVE_SYS_TYPES_H 1
| #define HAVE_SYS_STAT_H 1
| #define HAVE_STDLIB_H 1
| #define HAVE_STRING_H 1
| #define HAVE_MEMORY_H 1
| #define HAVE_STRINGS_H 1
| #define HAVE_INTTYPES_H 1
| #define HAVE_STDINT_H 1
| #define HAVE_UNISTD_H 1
| #define HAVE_DLFCN_H 1
| #define LT_OBJDIR ".libs/"
| /* end confdefs.h.  */
| 
| int
| main ()
| {
| static int test_array [1 - 2 * !((__GNUC_MINOR__) <= 3)];
| test_array [0] = 0;
| return test_array [0];
| 
|   ;
|   return 0;
| }
configure:18321: mipsel-linux-g++ -c -g -O2 -std=c++11  conftest.cpp >&5
conftest.cpp: In function 'int main()':
conftest.cpp:27:56: error: size of array 'test_array' is negative
 static int test_array [1 - 2 * !((__GNUC_MINOR__) <= 7)];
                                                        ^
configure:18321: $? = 1
configure: failed program was:
| /* confdefs.h */
| #define PACKAGE_NAME "love"
| #define PACKAGE_TARNAME "love"
| #define PACKAGE_VERSION "0.10.1"
| #define PACKAGE_STRING "love 0.10.1"
| #define PACKAGE_BUGREPORT ""
| #define PACKAGE_URL ""
| #define PACKAGE "love"
| #define VERSION "0.10.1"
| #define STDC_HEADERS 1
| #define HAVE_SYS_TYPES_H 1
| #define HAVE_SYS_STAT_H 1
| #define HAVE_STDLIB_H 1
| #define HAVE_STRING_H 1
| #define HAVE_MEMORY_H 1
| #define HAVE_STRINGS_H 1
| #define HAVE_INTTYPES_H 1
| #define HAVE_STDINT_H 1
| #define HAVE_UNISTD_H 1
| #define HAVE_DLFCN_H 1
| #define LT_OBJDIR ".libs/"
| /* end confdefs.h.  */
| 
| int
| main ()
| {
| static int test_array [1 - 2 * !((__GNUC_MINOR__) <= 7)];
| test_array [0] = 0;
| return test_array [0];
| 
|   ;
|   return 0;
| }
configure:18321: mipsel-linux-g++ -c -g -O2 -std=c++11  conftest.cpp >&5
configure:18321: $? = 0
configure:18321: mipsel-linux-g++ -c -g -O2 -std=c++11  conftest.cpp >&5
configure:18321: $? = 0
configure:18321: mipsel-linux-g++ -c -g -O2 -std=c++11  conftest.cpp >&5
configure:18321: $? = 0
configure:18321: mipsel-linux-g++ -c -g -O2 -std=c++11  conftest.cpp >&5
conftest.cpp: In function 'int main()':
conftest.cpp:27:56: error: size of array 'test_array' is negative
 static int test_array [1 - 2 * !((__GNUC_MINOR__) <= 8)];
                                                        ^
configure:18321: $? = 1
configure: failed program was:
| /* confdefs.h */
| #define PACKAGE_NAME "love"
| #define PACKAGE_TARNAME "love"
| #define PACKAGE_VERSION "0.10.1"
| #define PACKAGE_STRING "love 0.10.1"
| #define PACKAGE_BUGREPORT ""
| #define PACKAGE_URL ""
| #define PACKAGE "love"
| #define VERSION "0.10.1"
| #define STDC_HEADERS 1
| #define HAVE_SYS_TYPES_H 1
| #define HAVE_SYS_STAT_H 1
| #define HAVE_STDLIB_H 1
| #define HAVE_STRING_H 1
| #define HAVE_MEMORY_H 1
| #define HAVE_STRINGS_H 1
| #define HAVE_INTTYPES_H 1
| #define HAVE_STDINT_H 1
| #define HAVE_UNISTD_H 1
| #define HAVE_DLFCN_H 1
| #define LT_OBJDIR ".libs/"
| /* end confdefs.h.  */
| 
| int
| main ()
| {
| static int test_array [1 - 2 * !((__GNUC_MINOR__) <= 8)];
| test_array [0] = 0;
| return test_array [0];
| 
|   ;
|   return 0;
| }
configure:18327: mipsel-linux-g++ -c -g -O2 -std=c++11  conftest.cpp >&5
configure:18327: $? = 0
configure:18327: mipsel-linux-g++ -c -g -O2 -std=c++11  conftest.cpp >&5
conftest.cpp: In function 'int main()':
conftest.cpp:27:61: error: size of array 'test_array' is negative
 static int test_array [1 - 2 * !((__GNUC_PATCHLEVEL__) <= 0)];
                                                             ^
configure:18327: $? = 1
configure: failed program was:
| /* confdefs.h */
| #define PACKAGE_NAME "love"
| #define PACKAGE_TARNAME "love"
| #define PACKAGE_VERSION "0.10.1"
| #define PACKAGE_STRING "love 0.10.1"
| #define PACKAGE_BUGREPORT ""
| #define PACKAGE_URL ""
| #define PACKAGE "love"
| #define VERSION "0.10.1"
| #define STDC_HEADERS 1
| #define HAVE_SYS_TYPES_H 1
| #define HAVE_SYS_STAT_H 1
| #define HAVE_STDLIB_H 1
| #define HAVE_STRING_H 1
| #define HAVE_MEMORY_H 1
| #define HAVE_STRINGS_H 1
| #define HAVE_INTTYPES_H 1
| #define HAVE_STDINT_H 1
| #define HAVE_UNISTD_H 1
| #define HAVE_DLFCN_H 1
| #define LT_OBJDIR ".libs/"
| /* end confdefs.h.  */
| 
| int
| main ()
| {
| static int test_array [1 - 2 * !((__GNUC_PATCHLEVEL__) <= 0)];
| test_array [0] = 0;
| return test_array [0];
| 
|   ;
|   return 0;
| }
configure:18327: mipsel-linux-g++ -c -g -O2 -std=c++11  conftest.cpp >&5
configure:18327: $? = 0
configure:18336: mipsel-linux-g++ -c -g -O2 -std=c++11  conftest.cpp >&5
conftest.cpp: In function 'int main()':
conftest.cpp:27:35: error: '__clang_major__' was not declared in this scope
 static int test_array [1 - 2 * !((__clang_major__) >= 0)];
                                   ^
conftest.cpp:28:1: error: 'test_array' was not declared in this scope
 test_array [0] = 0;
 ^
configure:18336: $? = 1
configure: failed program was:
| /* confdefs.h */
| #define PACKAGE_NAME "love"
| #define PACKAGE_TARNAME "love"
| #define PACKAGE_VERSION "0.10.1"
| #define PACKAGE_STRING "love 0.10.1"
| #define PACKAGE_BUGREPORT ""
| #define PACKAGE_URL ""
| #define PACKAGE "love"
| #define VERSION "0.10.1"
| #define STDC_HEADERS 1
| #define HAVE_SYS_TYPES_H 1
| #define HAVE_SYS_STAT_H 1
| #define HAVE_STDLIB_H 1
| #define HAVE_STRING_H 1
| #define HAVE_MEMORY_H 1
| #define HAVE_STRINGS_H 1
| #define HAVE_INTTYPES_H 1
| #define HAVE_STDINT_H 1
| #define HAVE_UNISTD_H 1
| #define HAVE_DLFCN_H 1
| #define LT_OBJDIR ".libs/"
| /* end confdefs.h.  */
| 
| int
| main ()
| {
| static int test_array [1 - 2 * !((__clang_major__) >= 0)];
| test_array [0] = 0;
| return test_array [0];
| 
|   ;
|   return 0;
| }
configure:18336: mipsel-linux-g++ -c -g -O2 -std=c++11  conftest.cpp >&5
conftest.cpp: In function 'int main()':
conftest.cpp:27:35: error: '__clang_major__' was not declared in this scope
 static int test_array [1 - 2 * !((__clang_major__) < 0)];
                                   ^
conftest.cpp:28:1: error: 'test_array' was not declared in this scope
 test_array [0] = 0;
 ^
configure:18336: $? = 1
configure: failed program was:
| /* confdefs.h */
| #define PACKAGE_NAME "love"
| #define PACKAGE_TARNAME "love"
| #define PACKAGE_VERSION "0.10.1"
| #define PACKAGE_STRING "love 0.10.1"
| #define PACKAGE_BUGREPORT ""
| #define PACKAGE_URL ""
| #define PACKAGE "love"
| #define VERSION "0.10.1"
| #define STDC_HEADERS 1
| #define HAVE_SYS_TYPES_H 1
| #define HAVE_SYS_STAT_H 1
| #define HAVE_STDLIB_H 1
| #define HAVE_STRING_H 1
| #define HAVE_MEMORY_H 1
| #define HAVE_STRINGS_H 1
| #define HAVE_INTTYPES_H 1
| #define HAVE_STDINT_H 1
| #define HAVE_UNISTD_H 1
| #define HAVE_DLFCN_H 1
| #define LT_OBJDIR ".libs/"
| /* end confdefs.h.  */
| 
| int
| main ()
| {
| static int test_array [1 - 2 * !((__clang_major__) < 0)];
| test_array [0] = 0;
| return test_array [0];
| 
|   ;
|   return 0;
| }
configure:18342: mipsel-linux-g++ -c -g -O2 -std=c++11  conftest.cpp >&5
conftest.cpp: In function 'int main()':
conftest.cpp:27:35: error: '__clang_minor__' was not declared in this scope
 static int test_array [1 - 2 * !((__clang_minor__) >= 0)];
                                   ^
conftest.cpp:28:1: error: 'test_array' was not declared in this scope
 test_array [0] = 0;
 ^
configure:18342: $? = 1
configure: failed program was:
| /* confdefs.h */
| #define PACKAGE_NAME "love"
| #define PACKAGE_TARNAME "love"
| #define PACKAGE_VERSION "0.10.1"
| #define PACKAGE_STRING "love 0.10.1"
| #define PACKAGE_BUGREPORT ""
| #define PACKAGE_URL ""
| #define PACKAGE "love"
| #define VERSION "0.10.1"
| #define STDC_HEADERS 1
| #define HAVE_SYS_TYPES_H 1
| #define HAVE_SYS_STAT_H 1
| #define HAVE_STDLIB_H 1
| #define HAVE_STRING_H 1
| #define HAVE_MEMORY_H 1
| #define HAVE_STRINGS_H 1
| #define HAVE_INTTYPES_H 1
| #define HAVE_STDINT_H 1
| #define HAVE_UNISTD_H 1
| #define HAVE_DLFCN_H 1
| #define LT_OBJDIR ".libs/"
| /* end confdefs.h.  */
| 
| int
| main ()
| {
| static int test_array [1 - 2 * !((__clang_minor__) >= 0)];
| test_array [0] = 0;
| return test_array [0];
| 
|   ;
|   return 0;
| }
configure:18342: mipsel-linux-g++ -c -g -O2 -std=c++11  conftest.cpp >&5
conftest.cpp: In function 'int main()':
conftest.cpp:27:35: error: '__clang_minor__' was not declared in this scope
 static int test_array [1 - 2 * !((__clang_minor__) < 0)];
                                   ^
conftest.cpp:28:1: error: 'test_array' was not declared in this scope
 test_array [0] = 0;
 ^
configure:18342: $? = 1
configure: failed program was:
| /* confdefs.h */
| #define PACKAGE_NAME "love"
| #define PACKAGE_TARNAME "love"
| #define PACKAGE_VERSION "0.10.1"
| #define PACKAGE_STRING "love 0.10.1"
| #define PACKAGE_BUGREPORT ""
| #define PACKAGE_URL ""
| #define PACKAGE "love"
| #define VERSION "0.10.1"
| #define STDC_HEADERS 1
| #define HAVE_SYS_TYPES_H 1
| #define HAVE_SYS_STAT_H 1
| #define HAVE_STDLIB_H 1
| #define HAVE_STRING_H 1
| #define HAVE_MEMORY_H 1
| #define HAVE_STRINGS_H 1
| #define HAVE_INTTYPES_H 1
| #define HAVE_STDINT_H 1
| #define HAVE_UNISTD_H 1
| #define HAVE_DLFCN_H 1
| #define LT_OBJDIR ".libs/"
| /* end confdefs.h.  */
| 
| int
| main ()
| {
| static int test_array [1 - 2 * !((__clang_minor__) < 0)];
| test_array [0] = 0;
| return test_array [0];
| 
|   ;
|   return 0;
| }
configure:18348: mipsel-linux-g++ -c -g -O2 -std=c++11  conftest.cpp >&5
conftest.cpp: In function 'int main()':
conftest.cpp:27:35: error: '__clang_patchlevel__' was not declared in this scope
 static int test_array [1 - 2 * !((__clang_patchlevel__) >= 0)];
                                   ^
conftest.cpp:28:1: error: 'test_array' was not declared in this scope
 test_array [0] = 0;
 ^
configure:18348: $? = 1
configure: failed program was:
| /* confdefs.h */
| #define PACKAGE_NAME "love"
| #define PACKAGE_TARNAME "love"
| #define PACKAGE_VERSION "0.10.1"
| #define PACKAGE_STRING "love 0.10.1"
| #define PACKAGE_BUGREPORT ""
| #define PACKAGE_URL ""
| #define PACKAGE "love"
| #define VERSION "0.10.1"
| #define STDC_HEADERS 1
| #define HAVE_SYS_TYPES_H 1
| #define HAVE_SYS_STAT_H 1
| #define HAVE_STDLIB_H 1
| #define HAVE_STRING_H 1
| #define HAVE_MEMORY_H 1
| #define HAVE_STRINGS_H 1
| #define HAVE_INTTYPES_H 1
| #define HAVE_STDINT_H 1
| #define HAVE_UNISTD_H 1
| #define HAVE_DLFCN_H 1
| #define LT_OBJDIR ".libs/"
| /* end confdefs.h.  */
| 
| int
| main ()
| {
| static int test_array [1 - 2 * !((__clang_patchlevel__) >= 0)];
| test_array [0] = 0;
| return test_array [0];
| 
|   ;
|   return 0;
| }
configure:18348: mipsel-linux-g++ -c -g -O2 -std=c++11  conftest.cpp >&5
conftest.cpp: In function 'int main()':
conftest.cpp:27:35: error: '__clang_patchlevel__' was not declared in this scope
 static int test_array [1 - 2 * !((__clang_patchlevel__) < 0)];
                                   ^
conftest.cpp:28:1: error: 'test_array' was not declared in this scope
 test_array [0] = 0;
 ^
configure:18348: $? = 1
configure: failed program was:
| /* confdefs.h */
| #define PACKAGE_NAME "love"
| #define PACKAGE_TARNAME "love"
| #define PACKAGE_VERSION "0.10.1"
| #define PACKAGE_STRING "love 0.10.1"
| #define PACKAGE_BUGREPORT ""
| #define PACKAGE_URL ""
| #define PACKAGE "love"
| #define VERSION "0.10.1"
| #define STDC_HEADERS 1
| #define HAVE_SYS_TYPES_H 1
| #define HAVE_SYS_STAT_H 1
| #define HAVE_STDLIB_H 1
| #define HAVE_STRING_H 1
| #define HAVE_MEMORY_H 1
| #define HAVE_STRINGS_H 1
| #define HAVE_INTTYPES_H 1
| #define HAVE_STDINT_H 1
| #define HAVE_UNISTD_H 1
| #define HAVE_DLFCN_H 1
| #define LT_OBJDIR ".libs/"
| /* end confdefs.h.  */
| 
| int
| main ()
| {
| static int test_array [1 - 2 * !((__clang_patchlevel__) < 0)];
| test_array [0] = 0;
| return test_array [0];
| 
|   ;
|   return 0;
| }
configure:18369: checking whether gcc version is at least 4.7
configure:18377: result: yes
configure:18475: checking for SDL
configure:18482: $PKG_CONFIG --exists --print-errors "sdl2 >= $min_sdl_version"
configure:18485: $? = 0
configure:18499: $PKG_CONFIG --exists --print-errors "sdl2 >= $min_sdl_version"
configure:18502: $? = 0
configure:18540: result: yes
configure:18789: checking for lua
configure:18796: $PKG_CONFIG --exists --print-errors "${with_lua}${with_luaversion}"
Package luajit5.1 was not found in the pkg-config search path.
Perhaps you should add the directory containing `luajit5.1.pc'
to the PKG_CONFIG_PATH environment variable
No package 'luajit5.1' found
configure:18799: $? = 1
configure:18813: $PKG_CONFIG --exists --print-errors "${with_lua}${with_luaversion}"
Package luajit5.1 was not found in the pkg-config search path.
Perhaps you should add the directory containing `luajit5.1.pc'
to the PKG_CONFIG_PATH environment variable
No package 'luajit5.1' found
configure:18816: $? = 1
configure:18830: result: no
Package luajit5.1 was not found in the pkg-config search path.
Perhaps you should add the directory containing `luajit5.1.pc'
to the PKG_CONFIG_PATH environment variable
No package 'luajit5.1' found
configure:18848: checking for lua
configure:18855: $PKG_CONFIG --exists --print-errors "${with_lua}${with_clean_luaversion}"
Package luajit51 was not found in the pkg-config search path.
Perhaps you should add the directory containing `luajit51.pc'
to the PKG_CONFIG_PATH environment variable
No package 'luajit51' found
configure:18858: $? = 1
configure:18872: $PKG_CONFIG --exists --print-errors "${with_lua}${with_clean_luaversion}"
Package luajit51 was not found in the pkg-config search path.
Perhaps you should add the directory containing `luajit51.pc'
to the PKG_CONFIG_PATH environment variable
No package 'luajit51' found
configure:18875: $? = 1
configure:18889: result: no
Package luajit51 was not found in the pkg-config search path.
Perhaps you should add the directory containing `luajit51.pc'
to the PKG_CONFIG_PATH environment variable
No package 'luajit51' found
configure:18907: checking for lua
configure:18914: $PKG_CONFIG --exists --print-errors "${with_lua}"
configure:18917: $? = 0
configure:18931: $PKG_CONFIG --exists --print-errors "${with_lua}"
configure:18934: $? = 0
configure:18972: result: yes
configure:19280: checking for freetype2
configure:19287: $PKG_CONFIG --exists --print-errors "freetype2"
configure:19290: $? = 0
configure:19304: $PKG_CONFIG --exists --print-errors "freetype2"
configure:19307: $? = 0
configure:19345: result: yes
configure:19351: checking for openal
configure:19358: $PKG_CONFIG --exists --print-errors "openal"
configure:19361: $? = 0
configure:19375: $PKG_CONFIG --exists --print-errors "openal"
configure:19378: $? = 0
configure:19416: result: yes
configure:19422: checking for libmodplug
configure:19429: $PKG_CONFIG --exists --print-errors "libmodplug"
configure:19432: $? = 0
configure:19446: $PKG_CONFIG --exists --print-errors "libmodplug"
configure:19449: $? = 0
configure:19487: result: yes
configure:19493: checking for vorbisfile
configure:19500: $PKG_CONFIG --exists --print-errors "vorbisfile"
configure:19503: $? = 0
configure:19517: $PKG_CONFIG --exists --print-errors "vorbisfile"
configure:19520: $? = 0
configure:19558: result: yes
configure:19564: checking for zlib
configure:19571: $PKG_CONFIG --exists --print-errors "zlib"
configure:19574: $? = 0
configure:19588: $PKG_CONFIG --exists --print-errors "zlib"
configure:19591: $? = 0
configure:19629: result: yes
configure:19635: checking for theora
configure:19642: $PKG_CONFIG --exists --print-errors "theoradec"
configure:19645: $? = 0
configure:19659: $PKG_CONFIG --exists --print-errors "theoradec"
configure:19662: $? = 0
configure:19700: result: yes
configure:19706: checking for library containing sqrt
configure:19737: mipsel-linux-g++ -o conftest -g -O2 -std=c++11   conftest.cpp  >&5
configure:19737: $? = 0
configure:19754: result: none required
configure:19764: checking for library containing PHYSFS_init
configure:19795: mipsel-linux-g++ -o conftest -g -O2 -std=c++11   conftest.cpp  >&5
/tmp/ccJtzGds.o:/home/anonymous/Documents/Dev/picolove/love-0.10.1/conftest.cpp:34: undefined reference to `PHYSFS_init'
/tmp/ccJtzGds.o:/home/anonymous/Documents/Dev/picolove/love-0.10.1/conftest.cpp:34: undefined reference to `PHYSFS_init'
collect2: error: ld returned 1 exit status
configure:19795: $? = 1
configure: failed program was:
| /* confdefs.h */
| #define PACKAGE_NAME "love"
| #define PACKAGE_TARNAME "love"
| #define PACKAGE_VERSION "0.10.1"
| #define PACKAGE_STRING "love 0.10.1"
| #define PACKAGE_BUGREPORT ""
| #define PACKAGE_URL ""
| #define PACKAGE "love"
| #define VERSION "0.10.1"
| #define STDC_HEADERS 1
| #define HAVE_SYS_TYPES_H 1
| #define HAVE_SYS_STAT_H 1
| #define HAVE_STDLIB_H 1
| #define HAVE_STRING_H 1
| #define HAVE_MEMORY_H 1
| #define HAVE_STRINGS_H 1
| #define HAVE_INTTYPES_H 1
| #define HAVE_STDINT_H 1
| #define HAVE_UNISTD_H 1
| #define HAVE_DLFCN_H 1
| #define LT_OBJDIR ".libs/"
| /* end confdefs.h.  */
| 
| /* Override any GCC internal prototype to avoid an error.
|    Use char because int might match the return type of a GCC
|    builtin and then its argument prototype would still apply.  */
| #ifdef __cplusplus
| extern "C"
| #endif
| char PHYSFS_init ();
| int
| main ()
| {
| return PHYSFS_init ();
|   ;
|   return 0;
| }
configure:19795: mipsel-linux-g++ -o conftest -g -O2 -std=c++11   conftest.cpp -lphysfs   >&5
configure:19795: $? = 0
configure:19812: result: -lphysfs
configure:19829: checking for library containing lua_call
configure:19831: result: -L/opt/gcw0-toolchain/usr/mipsel-gcw0-linux-uclibc/sysroot/usr/lib -lluajit-5.1  
configure:20132: checking for socklen_t
configure:20132: mipsel-linux-g++ -c -g -O2 -std=c++11  conftest.cpp >&5
configure:20132: $? = 0
configure:20132: mipsel-linux-g++ -c -g -O2 -std=c++11  conftest.cpp >&5
conftest.cpp: In function 'int main()':
conftest.cpp:31:23: error: expected primary-expression before ')' token
 if (sizeof ((socklen_t)))
                       ^
configure:20132: $? = 1
configure: failed program was:
| /* confdefs.h */
| #define PACKAGE_NAME "love"
| #define PACKAGE_TARNAME "love"
| #define PACKAGE_VERSION "0.10.1"
| #define PACKAGE_STRING "love 0.10.1"
| #define PACKAGE_BUGREPORT ""
| #define PACKAGE_URL ""
| #define PACKAGE "love"
| #define VERSION "0.10.1"
| #define STDC_HEADERS 1
| #define HAVE_SYS_TYPES_H 1
| #define HAVE_SYS_STAT_H 1
| #define HAVE_STDLIB_H 1
| #define HAVE_STRING_H 1
| #define HAVE_MEMORY_H 1
| #define HAVE_STRINGS_H 1
| #define HAVE_INTTYPES_H 1
| #define HAVE_STDINT_H 1
| #define HAVE_UNISTD_H 1
| #define HAVE_DLFCN_H 1
| #define LT_OBJDIR ".libs/"
| #define LOVE_NOMPG123 /**/
| /* end confdefs.h.  */
| #include <sys/types.h>
|               #include <sys/socket.h>
| 
| 
| int
| main ()
| {
| if (sizeof ((socklen_t)))
| 	    return 0;
|   ;
|   return 0;
| }
configure:20132: result: yes
configure:20191: checking for luajit5.1
configure:20221: result: no
configure:20191: checking for luajit
configure:20221: result: no
configure:20191: checking for lua
configure:20221: result: no
configure:20231: WARNING: Did not find a lua executable, you may need to update the scripts manually if you change them
configure:21382: checking that generated files are newer than configure
configure:21388: result: done
configure:21632: creating ./config.status

## ---------------------- ##
## Running config.status. ##
## ---------------------- ##

This file was extended by love config.status 0.10.1, which was
generated by GNU Autoconf 2.69.  Invocation command line was

  CONFIG_FILES    = 
  CONFIG_HEADERS  = 
  CONFIG_LINKS    = 
  CONFIG_COMMANDS = 
  $ ./config.status 

on anonymous

config.status:1337: creating Makefile
config.status:1337: creating src/Makefile
config.status:1337: creating platform/unix/debian/control
config.status:1337: creating platform/unix/debian/changelog
config.status:1337: creating platform/unix/debian/rules
config.status:1337: creating config.h
config.status:1518: config.h is unchanged
config.status:1566: executing depfiles commands
config.status:1566: executing libtool commands

## ---------------- ##
## Cache variables. ##
## ---------------- ##

ac_cv_build=x86_64-unknown-linux-gnu
ac_cv_c_bigendian=no
ac_cv_c_compiler_gnu=yes
ac_cv_cxx_compiler_gnu=yes
ac_cv_env_CCC_set=
ac_cv_env_CCC_value=
ac_cv_env_CC_set=
ac_cv_env_CC_value=
ac_cv_env_CFLAGS_set=
ac_cv_env_CFLAGS_value=
ac_cv_env_CPPFLAGS_set=
ac_cv_env_CPPFLAGS_value=
ac_cv_env_CPP_set=
ac_cv_env_CPP_value=
ac_cv_env_CXXCPP_set=
ac_cv_env_CXXCPP_value=
ac_cv_env_CXXFLAGS_set=
ac_cv_env_CXXFLAGS_value=
ac_cv_env_CXX_set=
ac_cv_env_CXX_value=
ac_cv_env_LDFLAGS_set=
ac_cv_env_LDFLAGS_value=
ac_cv_env_LIBS_set=
ac_cv_env_LIBS_value=
ac_cv_env_LT_SYS_LIBRARY_PATH_set=
ac_cv_env_LT_SYS_LIBRARY_PATH_value=
ac_cv_env_OBJCXXFLAGS_set=
ac_cv_env_OBJCXXFLAGS_value=
ac_cv_env_OBJCXX_set=
ac_cv_env_OBJCXX_value=
ac_cv_env_PKG_CONFIG_LIBDIR_set=
ac_cv_env_PKG_CONFIG_LIBDIR_value=
ac_cv_env_PKG_CONFIG_PATH_set=
ac_cv_env_PKG_CONFIG_PATH_value=
ac_cv_env_PKG_CONFIG_set=
ac_cv_env_PKG_CONFIG_value=
ac_cv_env_SDL_CFLAGS_set=
ac_cv_env_SDL_CFLAGS_value=
ac_cv_env_SDL_LIBS_set=
ac_cv_env_SDL_LIBS_value=
ac_cv_env_build_alias_set=
ac_cv_env_build_alias_value=
ac_cv_env_freetype2_CFLAGS_set=
ac_cv_env_freetype2_CFLAGS_value=
ac_cv_env_freetype2_LIBS_set=
ac_cv_env_freetype2_LIBS_value=
ac_cv_env_host_alias_set=set
ac_cv_env_host_alias_value=mipsel-linux
ac_cv_env_libmodplug_CFLAGS_set=
ac_cv_env_libmodplug_CFLAGS_value=
ac_cv_env_libmodplug_LIBS_set=
ac_cv_env_libmodplug_LIBS_value=
ac_cv_env_lua_CFLAGS_set=
ac_cv_env_lua_CFLAGS_value=
ac_cv_env_lua_LIBS_set=
ac_cv_env_lua_LIBS_value=
ac_cv_env_openal_CFLAGS_set=
ac_cv_env_openal_CFLAGS_value=
ac_cv_env_openal_LIBS_set=
ac_cv_env_openal_LIBS_value=
ac_cv_env_target_alias_set=
ac_cv_env_target_alias_value=
ac_cv_env_theora_CFLAGS_set=
ac_cv_env_theora_CFLAGS_value=
ac_cv_env_theora_LIBS_set=
ac_cv_env_theora_LIBS_value=
ac_cv_env_vorbisfile_CFLAGS_set=
ac_cv_env_vorbisfile_CFLAGS_value=
ac_cv_env_vorbisfile_LIBS_set=
ac_cv_env_vorbisfile_LIBS_value=
ac_cv_env_zlib_CFLAGS_set=
ac_cv_env_zlib_CFLAGS_value=
ac_cv_env_zlib_LIBS_set=
ac_cv_env_zlib_LIBS_value=
ac_cv_header_dlfcn_h=yes
ac_cv_header_inttypes_h=yes
ac_cv_header_memory_h=yes
ac_cv_header_stdc=yes
ac_cv_header_stdint_h=yes
ac_cv_header_stdlib_h=yes
ac_cv_header_string_h=yes
ac_cv_header_strings_h=yes
ac_cv_header_sys_stat_h=yes
ac_cv_header_sys_types_h=yes
ac_cv_header_unistd_h=yes
ac_cv_host=mipsel-unknown-linux-gnu
ac_cv_objcxx_compiler_gnu=no
ac_cv_objext=o
ac_cv_path_EGREP='/bin/grep -E'
ac_cv_path_FGREP='/bin/grep -F'
ac_cv_path_GREP=/bin/grep
ac_cv_path_SED=/bin/sed
ac_cv_path_ac_pt_PKG_CONFIG=/home/anonymous/Documents/Dev/gcw0-toolchain/usr/bin/pkg-config
ac_cv_path_install='/usr/bin/install -c'
ac_cv_path_lt_DD=/bin/dd
ac_cv_path_mkdir=/bin/mkdir
ac_cv_prog_AR=mipsel-linux-ar
ac_cv_prog_AWK=gawk
ac_cv_prog_CC=mipsel-linux-gcc
ac_cv_prog_CPP='mipsel-linux-gcc -E'
ac_cv_prog_CXX=mipsel-linux-g++
ac_cv_prog_CXXCPP='mipsel-linux-g++ -E'
ac_cv_prog_OBJCXX=mipsel-linux-g++
ac_cv_prog_OBJDUMP=mipsel-linux-objdump
ac_cv_prog_RANLIB=mipsel-linux-ranlib
ac_cv_prog_STRIP=mipsel-linux-strip
ac_cv_prog_ac_ct_MANIFEST_TOOL=mt
ac_cv_prog_cc_c89=
ac_cv_prog_cc_g=yes
ac_cv_prog_cxx_g=yes
ac_cv_prog_make_make_set=yes
ac_cv_prog_objcxx_g=no
ac_cv_search_PHYSFS_init=-lphysfs
ac_cv_search_sqrt='none required'
ac_cv_type_socklen_t=yes
am_cv_CC_dependencies_compiler_type=gcc3
am_cv_CXX_dependencies_compiler_type=gcc3
am_cv_OBJCXX_dependencies_compiler_type=gcc3
am_cv_ar_interface=ar
am_cv_make_support_nested_variables=yes
am_cv_prog_cc_c_o=yes
am_cv_prog_tar_ustar=gnutar
lt_cv_ar_at_file=@
lt_cv_deplibs_check_method=pass_all
lt_cv_file_magic_cmd='$MAGIC_CMD'
lt_cv_file_magic_test_file=
lt_cv_ld_reload_flag=-r
lt_cv_nm_interface='BSD nm'
lt_cv_objdir=.libs
lt_cv_path_LD=/home/anonymous/Documents/Dev/gcw0-toolchain/usr/mipsel-gcw0-linux-uclibc/bin/ld
lt_cv_path_LDCXX=/home/anonymous/Documents/Dev/gcw0-toolchain/usr/mipsel-gcw0-linux-uclibc/bin/ld
lt_cv_path_NM='/home/anonymous/Documents/Dev/gcw0-toolchain/usr/bin/mipsel-linux-nm -B'
lt_cv_path_mainfest_tool=no
lt_cv_prog_compiler_c_o=yes
lt_cv_prog_compiler_c_o_CXX=yes
lt_cv_prog_compiler_pic='-fPIC -DPIC'
lt_cv_prog_compiler_pic_CXX='-fPIC -DPIC'
lt_cv_prog_compiler_pic_works=yes
lt_cv_prog_compiler_pic_works_CXX=yes
lt_cv_prog_compiler_rtti_exceptions=no
lt_cv_prog_compiler_static_works=yes
lt_cv_prog_compiler_static_works_CXX=yes
lt_cv_prog_gnu_ld=yes
lt_cv_prog_gnu_ldcxx=yes
lt_cv_sharedlib_from_linklib_cmd='printf %s\n'
lt_cv_shlibpath_overrides_runpath=no
lt_cv_sys_global_symbol_pipe='sed -n -e '\''s/^.*[	 ]\([ABCDGIRSTW][ABCDGIRSTW]*\)[	 ][	 ]*\([_A-Za-z][_A-Za-z0-9]*\)$/\1 \2 \2/p'\'' | sed '\''/ __gnu_lto/d'\'''
lt_cv_sys_global_symbol_to_c_name_address='sed -n -e '\''s/^: \(.*\) .*$/  {"\1", (void *) 0},/p'\'' -e '\''s/^[ABCDGIRSTW][ABCDGIRSTW]* .* \(.*\)$/  {"\1", (void *) \&\1},/p'\'''
lt_cv_sys_global_symbol_to_c_name_address_lib_prefix='sed -n -e '\''s/^: \(.*\) .*$/  {"\1", (void *) 0},/p'\'' -e '\''s/^[ABCDGIRSTW][ABCDGIRSTW]* .* \(lib.*\)$/  {"\1", (void *) \&\1},/p'\'' -e '\''s/^[ABCDGIRSTW][ABCDGIRSTW]* .* \(.*\)$/  {"lib\1", (void *) \&\1},/p'\'''
lt_cv_sys_global_symbol_to_cdecl='sed -n -e '\''s/^T .* \(.*\)$/extern int \1();/p'\'' -e '\''s/^[ABCDGIRSTW][ABCDGIRSTW]* .* \(.*\)$/extern char \1;/p'\'''
lt_cv_sys_global_symbol_to_import=
lt_cv_sys_max_cmd_len=1572864
lt_cv_to_host_file_cmd=func_convert_file_noop
lt_cv_to_tool_file_cmd=func_convert_file_noop
lt_cv_truncate_bin='/bin/dd bs=4096 count=1'
pkg_cv_SDL_CFLAGS='-I/opt/gcw0-toolchain/usr/mipsel-gcw0-linux-uclibc/sysroot/usr/include/SDL2  -D_REENTRANT  '
pkg_cv_SDL_LIBS='-L/opt/gcw0-toolchain/usr/mipsel-gcw0-linux-uclibc/sysroot/usr/lib -lSDL2  -lpthread  '
pkg_cv_freetype2_CFLAGS='-I/opt/gcw0-toolchain/usr/mipsel-gcw0-linux-uclibc/sysroot/usr/include/freetype2 -I/opt/gcw0-toolchain/usr/mipsel-gcw0-linux-uclibc/sysroot/usr/include  '
pkg_cv_freetype2_LIBS='-L/opt/gcw0-toolchain/usr/mipsel-gcw0-linux-uclibc/sysroot/usr/lib -lfreetype  '
pkg_cv_libmodplug_CFLAGS='-I/opt/gcw0-toolchain/usr/mipsel-gcw0-linux-uclibc/sysroot/usr/include  '
pkg_cv_libmodplug_LIBS='-L/opt/gcw0-toolchain/usr/mipsel-gcw0-linux-uclibc/sysroot/usr/lib -lmodplug  '
pkg_cv_lua_CFLAGS='-I/opt/gcw0-toolchain/usr/mipsel-gcw0-linux-uclibc/sysroot/usr/include/luajit-2.0  '
pkg_cv_lua_LIBS='-L/opt/gcw0-toolchain/usr/mipsel-gcw0-linux-uclibc/sysroot/usr/lib -lluajit-5.1  '
pkg_cv_openal_CFLAGS='-I/opt/gcw0-toolchain/usr/mipsel-gcw0-linux-uclibc/sysroot/usr/include -I/opt/gcw0-toolchain/usr/mipsel-gcw0-linux-uclibc/sysroot/usr/include/AL  '
pkg_cv_openal_LIBS='-L/opt/gcw0-toolchain/usr/mipsel-gcw0-linux-uclibc/sysroot/usr/lib -lopenal  '
pkg_cv_theora_CFLAGS='-I/opt/gcw0-toolchain/usr/mipsel-gcw0-linux-uclibc/sysroot/usr/include  '
pkg_cv_theora_LIBS='-ltheoradec -L/opt/gcw0-toolchain/usr/mipsel-gcw0-linux-uclibc/sysroot/usr/lib -logg  '
pkg_cv_vorbisfile_CFLAGS='-I/opt/gcw0-toolchain/usr/mipsel-gcw0-linux-uclibc/sysroot/usr/include  '
pkg_cv_vorbisfile_LIBS='-L/opt/gcw0-toolchain/usr/mipsel-gcw0-linux-uclibc/sysroot/usr/lib -lvorbisfile  '
pkg_cv_zlib_CFLAGS='-I/opt/gcw0-toolchain/usr/mipsel-gcw0-linux-uclibc/sysroot/usr/include  '
pkg_cv_zlib_LIBS='-L/opt/gcw0-toolchain/usr/mipsel-gcw0-linux-uclibc/sysroot/usr/lib -lz  '

## ----------------- ##
## Output variables. ##
## ----------------- ##

ACLOCAL='${SHELL} /home/anonymous/Documents/Dev/picolove/love-0.10.1/platform/unix/missing aclocal-1.15'
AMDEPBACKSLASH='\'
AMDEP_FALSE='#'
AMDEP_TRUE=''
AMTAR='$${TAR-tar}'
AM_BACKSLASH='\'
AM_DEFAULT_V='$(AM_DEFAULT_VERBOSITY)'
AM_DEFAULT_VERBOSITY='1'
AM_V='$(V)'
AR='mipsel-linux-ar'
AUTOCONF='${SHELL} /home/anonymous/Documents/Dev/picolove/love-0.10.1/platform/unix/missing autoconf'
AUTOHEADER='${SHELL} /home/anonymous/Documents/Dev/picolove/love-0.10.1/platform/unix/missing autoheader'
AUTOMAKE='${SHELL} /home/anonymous/Documents/Dev/picolove/love-0.10.1/platform/unix/missing automake-1.15'
AWK='gawk'
CC='mipsel-linux-gcc'
CCDEPMODE='depmode=gcc3'
CFLAGS='-g -O2'
CPP='mipsel-linux-gcc -E'
CPPFLAGS=''
CXX='mipsel-linux-g++'
CXXCPP='mipsel-linux-g++ -E'
CXXDEPMODE='depmode=gcc3'
CXXFLAGS='-g -O2 -std=c++11'
CYGPATH_W='echo'
DEFS='-DHAVE_CONFIG_H'
DEPDIR='.deps'
DLLTOOL='false'
DSYMUTIL=''
DUMPBIN=''
ECHO_C=''
ECHO_N='-n'
ECHO_T=''
EGREP='/bin/grep -E'
EXEEXT=''
FGREP='/bin/grep -F'
FILE_OFFSET=''
GREP='/bin/grep'
INSTALL_DATA='${INSTALL} -m 644'
INSTALL_PROGRAM='${INSTALL}'
INSTALL_SCRIPT='${INSTALL}'
INSTALL_STRIP_PROGRAM='$(install_sh) -c -s'
LD='/home/anonymous/Documents/Dev/gcw0-toolchain/usr/mipsel-gcw0-linux-uclibc/bin/ld'
LDFLAGS=''
LIBOBJS=''
LIBS='-lphysfs '
LIBTOOL='$(SHELL) $(top_builddir)/libtool'
LIPO=''
LN_S='ln -s'
LOVE_BUILD_EXE_FALSE='#'
LOVE_BUILD_EXE_TRUE=''
LOVE_IMPLEMENTATION_AUDIO_NULL_FALSE='#'
LOVE_IMPLEMENTATION_AUDIO_NULL_TRUE=''
LOVE_IMPLEMENTATION_AUDIO_OPENAL_FALSE='#'
LOVE_IMPLEMENTATION_AUDIO_OPENAL_TRUE=''
LOVE_IMPLEMENTATION_EVENT_SDL_FALSE='#'
LOVE_IMPLEMENTATION_EVENT_SDL_TRUE=''
LOVE_IMPLEMENTATION_FILESYSTEM_PHYSFS_FALSE='#'
LOVE_IMPLEMENTATION_FILESYSTEM_PHYSFS_TRUE=''
LOVE_IMPLEMENTATION_FONT_FREETYPE_FALSE='#'
LOVE_IMPLEMENTATION_FONT_FREETYPE_TRUE=''
LOVE_IMPLEMENTATION_GRAPHICS_OPENGL_FALSE='#'
LOVE_IMPLEMENTATION_GRAPHICS_OPENGL_TRUE=''
LOVE_IMPLEMENTATION_IMAGE_MAGPIE_FALSE='#'
LOVE_IMPLEMENTATION_IMAGE_MAGPIE_TRUE=''
LOVE_IMPLEMENTATION_JOYSTICK_SDL_FALSE='#'
LOVE_IMPLEMENTATION_JOYSTICK_SDL_TRUE=''
LOVE_IMPLEMENTATION_KEYBOARD_SDL_FALSE='#'
LOVE_IMPLEMENTATION_KEYBOARD_SDL_TRUE=''
LOVE_IMPLEMENTATION_MOUSE_SDL_FALSE='#'
LOVE_IMPLEMENTATION_MOUSE_SDL_TRUE=''
LOVE_IMPLEMENTATION_PHYSICS_BOX2D_FALSE='#'
LOVE_IMPLEMENTATION_PHYSICS_BOX2D_TRUE=''
LOVE_IMPLEMENTATION_SOUND_LULLABY_FALSE='#'
LOVE_IMPLEMENTATION_SOUND_LULLABY_TRUE=''
LOVE_IMPLEMENTATION_SYSTEM_SDL_FALSE='#'
LOVE_IMPLEMENTATION_SYSTEM_SDL_TRUE=''
LOVE_IMPLEMENTATION_THREAD_SDL_FALSE='#'
LOVE_IMPLEMENTATION_THREAD_SDL_TRUE=''
LOVE_IMPLEMENTATION_TIMER_SDL_FALSE='#'
LOVE_IMPLEMENTATION_TIMER_SDL_TRUE=''
LOVE_IMPLEMENTATION_TOUCH_SDL_FALSE='#'
LOVE_IMPLEMENTATION_TOUCH_SDL_TRUE=''
LOVE_IMPLEMENTATION_VIDEO_THEORA_FALSE='#'
LOVE_IMPLEMENTATION_VIDEO_THEORA_TRUE=''
LOVE_IMPLEMENTATION_WINDOW_SDL_FALSE='#'
LOVE_IMPLEMENTATION_WINDOW_SDL_TRUE=''
LOVE_INCLUDES=''
LOVE_LIBRARY_BOX2D_FALSE='#'
LOVE_LIBRARY_BOX2D_TRUE=''
LOVE_LIBRARY_DDSPARSE_FALSE='#'
LOVE_LIBRARY_DDSPARSE_TRUE=''
LOVE_LIBRARY_ENET_FALSE='#'
LOVE_LIBRARY_ENET_TRUE=''
LOVE_LIBRARY_GLAD_FALSE='#'
LOVE_LIBRARY_GLAD_TRUE=''
LOVE_LIBRARY_LODEPNG_FALSE='#'
LOVE_LIBRARY_LODEPNG_TRUE=''
LOVE_LIBRARY_LUASOCKET_FALSE='#'
LOVE_LIBRARY_LUASOCKET_TRUE=''
LOVE_LIBRARY_LUAUTF8_FALSE='#'
LOVE_LIBRARY_LUAUTF8_TRUE=''
LOVE_LIBRARY_LZ4_FALSE='#'
LOVE_LIBRARY_LZ4_TRUE=''
LOVE_LIBRARY_NOISE1234_FALSE='#'
LOVE_LIBRARY_NOISE1234_TRUE=''
LOVE_LIBRARY_STB_FALSE='#'
LOVE_LIBRARY_STB_TRUE=''
LOVE_LIBRARY_UTF8_FALSE='#'
LOVE_LIBRARY_UTF8_TRUE=''
LOVE_LIBRARY_WUFF_FALSE='#'
LOVE_LIBRARY_WUFF_TRUE=''
LOVE_MODULE_AUDIO_FALSE='#'
LOVE_MODULE_AUDIO_TRUE=''
LOVE_MODULE_EVENT_FALSE='#'
LOVE_MODULE_EVENT_TRUE=''
LOVE_MODULE_FILESYSTEM_FALSE='#'
LOVE_MODULE_FILESYSTEM_TRUE=''
LOVE_MODULE_FONT_FALSE='#'
LOVE_MODULE_FONT_TRUE=''
LOVE_MODULE_GRAPHICS_FALSE='#'
LOVE_MODULE_GRAPHICS_TRUE=''
LOVE_MODULE_IMAGE_FALSE='#'
LOVE_MODULE_IMAGE_TRUE=''
LOVE_MODULE_JOYSTICK_FALSE='#'
LOVE_MODULE_JOYSTICK_TRUE=''
LOVE_MODULE_KEYBOARD_FALSE='#'
LOVE_MODULE_KEYBOARD_TRUE=''
LOVE_MODULE_LOVE_FALSE='#'
LOVE_MODULE_LOVE_TRUE=''
LOVE_MODULE_MATH_FALSE='#'
LOVE_MODULE_MATH_TRUE=''
LOVE_MODULE_MOUSE_FALSE='#'
LOVE_MODULE_MOUSE_TRUE=''
LOVE_MODULE_PHYSICS_FALSE='#'
LOVE_MODULE_PHYSICS_TRUE=''
LOVE_MODULE_SOUND_FALSE='#'
LOVE_MODULE_SOUND_TRUE=''
LOVE_MODULE_SYSTEM_FALSE='#'
LOVE_MODULE_SYSTEM_TRUE=''
LOVE_MODULE_THREAD_FALSE='#'
LOVE_MODULE_THREAD_TRUE=''
LOVE_MODULE_TIMER_FALSE='#'
LOVE_MODULE_TIMER_TRUE=''
LOVE_MODULE_TOUCH_FALSE='#'
LOVE_MODULE_TOUCH_TRUE=''
LOVE_MODULE_VIDEO_FALSE='#'
LOVE_MODULE_VIDEO_TRUE=''
LOVE_MODULE_WINDOW_FALSE='#'
LOVE_MODULE_WINDOW_TRUE=''
LOVE_NOMPG123_FALSE='#'
LOVE_NOMPG123_TRUE=''
LOVE_SUFFIX=''
LOVE_TARGET_OSX_FALSE=''
LOVE_TARGET_OSX_TRUE='#'
LTLIBOBJS=''
LT_SYS_LIBRARY_PATH=''
LUA_EXECUTABLE=':'
MAKEINFO='${SHELL} /home/anonymous/Documents/Dev/picolove/love-0.10.1/platform/unix/missing makeinfo'
MANIFEST_TOOL=':'
MKDIR_P='/bin/mkdir -p'
NM='/home/anonymous/Documents/Dev/gcw0-toolchain/usr/bin/mipsel-linux-nm -B'
NMEDIT=''
OBJCXX='mipsel-linux-g++'
OBJCXXDEPMODE='depmode=gcc3'
OBJCXXFLAGS=''
OBJDUMP='mipsel-linux-objdump'
OBJEXT='o'
OTOOL64=''
OTOOL=''
PACKAGE='love'
PACKAGE_BUGREPORT=''
PACKAGE_NAME='love'
PACKAGE_STRING='love 0.10.1'
PACKAGE_TARNAME='love'
PACKAGE_URL=''
PACKAGE_VERSION='0.10.1'
PATH_SEPARATOR=':'
PKG_CONFIG='/home/anonymous/Documents/Dev/gcw0-toolchain/usr/bin/pkg-config'
PKG_CONFIG_LIBDIR=''
PKG_CONFIG_PATH=''
RANLIB='mipsel-linux-ranlib'
SDL2_CONFIG='pkg-config sdl2'
SDL_CFLAGS='-I/opt/gcw0-toolchain/usr/mipsel-gcw0-linux-uclibc/sysroot/usr/include/SDL2  -D_REENTRANT  '
SDL_LIBS='-L/opt/gcw0-toolchain/usr/mipsel-gcw0-linux-uclibc/sysroot/usr/lib -lSDL2  -lpthread  '
SED='/bin/sed'
SET_MAKE=''
SHELL='/bin/bash'
STRIP='mipsel-linux-strip'
VERSION='0.10.1'
ac_ct_AR=''
ac_ct_CC=''
ac_ct_CXX=''
ac_ct_DUMPBIN=''
ac_ct_OBJCXX=''
am__EXEEXT_FALSE=''
am__EXEEXT_TRUE='#'
am__fastdepCC_FALSE='#'
am__fastdepCC_TRUE=''
am__fastdepCXX_FALSE='#'
am__fastdepCXX_TRUE=''
am__fastdepOBJCXX_FALSE='#'
am__fastdepOBJCXX_TRUE=''
am__include='include'
am__isrc=''
am__leading_dot='.'
am__nodep='_no'
am__quote=''
am__tar='tar --format=ustar -chf - "$$tardir"'
am__untar='tar -xf -'
bindir='${exec_prefix}/bin'
build='x86_64-unknown-linux-gnu'
build_alias=''
build_cpu='x86_64'
build_os='linux-gnu'
build_vendor='unknown'
datadir='${datarootdir}'
datarootdir='${prefix}/share'
docdir='${datarootdir}/doc/${PACKAGE_TARNAME}'
dvidir='${docdir}'
exec_prefix='${prefix}'
freetype2_CFLAGS='-I/opt/gcw0-toolchain/usr/mipsel-gcw0-linux-uclibc/sysroot/usr/include/freetype2 -I/opt/gcw0-toolchain/usr/mipsel-gcw0-linux-uclibc/sysroot/usr/include  '
freetype2_LIBS='-L/opt/gcw0-toolchain/usr/mipsel-gcw0-linux-uclibc/sysroot/usr/lib -lfreetype  '
host='mipsel-unknown-linux-gnu'
host_alias='mipsel-linux'
host_cpu='mipsel'
host_os='linux-gnu'
host_vendor='unknown'
htmldir='${docdir}'
includedir='${prefix}/include'
infodir='${datarootdir}/info'
install_sh='${SHELL} /home/anonymous/Documents/Dev/picolove/love-0.10.1/platform/unix/install-sh'
libdir='${exec_prefix}/lib'
libexecdir='${exec_prefix}/libexec'
libmodplug_CFLAGS='-I/opt/gcw0-toolchain/usr/mipsel-gcw0-linux-uclibc/sysroot/usr/include  '
libmodplug_LIBS='-L/opt/gcw0-toolchain/usr/mipsel-gcw0-linux-uclibc/sysroot/usr/lib -lmodplug  '
localedir='${datarootdir}/locale'
localstatedir='${prefix}/var'
lua_CFLAGS='-I/opt/gcw0-toolchain/usr/mipsel-gcw0-linux-uclibc/sysroot/usr/include/luajit-2.0  '
lua_LIBS='-L/opt/gcw0-toolchain/usr/mipsel-gcw0-linux-uclibc/sysroot/usr/lib -lluajit-5.1  '
mandir='${datarootdir}/man'
mkdir_p='$(MKDIR_P)'
oldincludedir='/usr/include'
openal_CFLAGS='-I/opt/gcw0-toolchain/usr/mipsel-gcw0-linux-uclibc/sysroot/usr/include -I/opt/gcw0-toolchain/usr/mipsel-gcw0-linux-uclibc/sysroot/usr/include/AL  '
openal_LIBS='-L/opt/gcw0-toolchain/usr/mipsel-gcw0-linux-uclibc/sysroot/usr/lib -lopenal  '
pdfdir='${docdir}'
prefix='/home/anonymous/Documents/Dev/picolove/love-0.10.1/prefix'
program_transform_name='s,x,x,'
psdir='${docdir}'
sbindir='${exec_prefix}/sbin'
sharedstatedir='${prefix}/com'
sysconfdir='${prefix}/etc'
target_alias=''
theora_CFLAGS='-I/opt/gcw0-toolchain/usr/mipsel-gcw0-linux-uclibc/sysroot/usr/include  '
theora_LIBS='-ltheoradec -L/opt/gcw0-toolchain/usr/mipsel-gcw0-linux-uclibc/sysroot/usr/lib -logg  '
vorbisfile_CFLAGS='-I/opt/gcw0-toolchain/usr/mipsel-gcw0-linux-uclibc/sysroot/usr/include  '
vorbisfile_LIBS='-L/opt/gcw0-toolchain/usr/mipsel-gcw0-linux-uclibc/sysroot/usr/lib -lvorbisfile  '
zlib_CFLAGS='-I/opt/gcw0-toolchain/usr/mipsel-gcw0-linux-uclibc/sysroot/usr/include  '
zlib_LIBS='-L/opt/gcw0-toolchain/usr/mipsel-gcw0-linux-uclibc/sysroot/usr/lib -lz  '

## ----------- ##
## confdefs.h. ##
## ----------- ##

/* confdefs.h */
#define PACKAGE_NAME "love"
#define PACKAGE_TARNAME "love"
#define PACKAGE_VERSION "0.10.1"
#define PACKAGE_STRING "love 0.10.1"
#define PACKAGE_BUGREPORT ""
#define PACKAGE_URL ""
#define PACKAGE "love"
#define VERSION "0.10.1"
#define STDC_HEADERS 1
#define HAVE_SYS_TYPES_H 1
#define HAVE_SYS_STAT_H 1
#define HAVE_STDLIB_H 1
#define HAVE_STRING_H 1
#define HAVE_MEMORY_H 1
#define HAVE_STRINGS_H 1
#define HAVE_INTTYPES_H 1
#define HAVE_STDINT_H 1
#define HAVE_UNISTD_H 1
#define HAVE_DLFCN_H 1
#define LT_OBJDIR ".libs/"
#define LOVE_NOMPG123 /**/
#define HAS_SOCKLEN_T 1
#define LOVE_BUILD_EXE /**/
#define LOVE_ENABLE_AUDIO /**/
#define LOVE_ENABLE_AUDIO_NULL /**/
#define LOVE_ENABLE_AUDIO_OPENAL /**/
#define LOVE_ENABLE_EVENT /**/
#define LOVE_ENABLE_EVENT_SDL /**/
#define LOVE_ENABLE_FILESYSTEM /**/
#define LOVE_ENABLE_FILESYSTEM_PHYSFS /**/
#define LOVE_ENABLE_FONT /**/
#define LOVE_ENABLE_FONT_FREETYPE /**/
#define LOVE_ENABLE_GRAPHICS /**/
#define LOVE_ENABLE_GRAPHICS_OPENGL /**/
#define LOVE_ENABLE_IMAGE /**/
#define LOVE_ENABLE_IMAGE_MAGPIE /**/
#define LOVE_ENABLE_JOYSTICK /**/
#define LOVE_ENABLE_JOYSTICK_SDL /**/
#define LOVE_ENABLE_KEYBOARD /**/
#define LOVE_ENABLE_KEYBOARD_SDL /**/
#define LOVE_ENABLE_LOVE /**/
#define LOVE_ENABLE_MATH /**/
#define LOVE_ENABLE_MOUSE /**/
#define LOVE_ENABLE_MOUSE_SDL /**/
#define LOVE_ENABLE_PHYSICS /**/
#define LOVE_ENABLE_PHYSICS_BOX2D /**/
#define LOVE_ENABLE_SOUND /**/
#define LOVE_ENABLE_SOUND_LULLABY /**/
#define LOVE_ENABLE_SYSTEM /**/
#define LOVE_ENABLE_SYSTEM_SDL /**/
#define LOVE_ENABLE_THREAD /**/
#define LOVE_ENABLE_THREAD_SDL /**/
#define LOVE_ENABLE_TIMER /**/
#define LOVE_ENABLE_TIMER_SDL /**/
#define LOVE_ENABLE_TOUCH /**/
#define LOVE_ENABLE_TOUCH_SDL /**/
#define LOVE_ENABLE_VIDEO /**/
#define LOVE_ENABLE_VIDEO_THEORA /**/
#define LOVE_ENABLE_WINDOW /**/
#define LOVE_ENABLE_WINDOW_SDL /**/
#define LOVE_ENABLE_BOX2D /**/
#define LOVE_ENABLE_DDSPARSE /**/
#define LOVE_ENABLE_ENET /**/
#define LOVE_ENABLE_GLAD /**/
#define LOVE_ENABLE_LODEPNG /**/
#define LOVE_ENABLE_LUASOCKET /**/
#define LOVE_ENABLE_LUAUTF8 /**/
#define LOVE_ENABLE_LZ4 /**/
#define LOVE_ENABLE_NOISE1234 /**/
#define LOVE_ENABLE_STB /**/
#define LOVE_ENABLE_UTF8 /**/
#define LOVE_ENABLE_WUFF /**/

configure: exit 0
